DEBUG:paramiko.transport:starting thread (client mode): 0x33fe6b30
DEBUG:paramiko.transport:Local version/idstring: SSH-2.0-paramiko_2.11.0
DEBUG:paramiko.transport:Remote version/idstring: SSH-1.99-Cisco-1.25
INFO:paramiko.transport:Connected (version 1.99, client Cisco-1.25)
DEBUG:paramiko.transport:=== Key exchange possibilities ===
DEBUG:paramiko.transport:kex algos: diffie-hellman-group-exchange-sha1, diffie-hellman-group14-sha1
DEBUG:paramiko.transport:server key: ssh-rsa
DEBUG:paramiko.transport:client encrypt: aes128-ctr, aes192-ctr, aes256-ctr
DEBUG:paramiko.transport:server encrypt: aes128-ctr, aes192-ctr, aes256-ctr
DEBUG:paramiko.transport:client mac: hmac-sha2-256, hmac-sha2-512, hmac-sha1, hmac-sha1-96
DEBUG:paramiko.transport:server mac: hmac-sha2-256, hmac-sha2-512, hmac-sha1, hmac-sha1-96
DEBUG:paramiko.transport:client compress: none
DEBUG:paramiko.transport:server compress: none
DEBUG:paramiko.transport:client lang: <none>
DEBUG:paramiko.transport:server lang: <none>
DEBUG:paramiko.transport:kex follows: False
DEBUG:paramiko.transport:=== Key exchange agreements ===
DEBUG:paramiko.transport:Kex: diffie-hellman-group-exchange-sha1
DEBUG:paramiko.transport:HostKey: ssh-rsa
DEBUG:paramiko.transport:Cipher: aes128-ctr
DEBUG:paramiko.transport:MAC: hmac-sha2-256
DEBUG:paramiko.transport:Compression: none
DEBUG:paramiko.transport:=== End of kex handshake ===
DEBUG:paramiko.transport:Got server p (2048 bits)
DEBUG:paramiko.transport:kex engine KexGex specified hash_algo <built-in function openssl_sha1>
DEBUG:paramiko.transport:Switch to new keys ...
DEBUG:paramiko.transport:Adding ssh-rsa host key for 192.168.85.131: b'250c94455d9819c43afc071054dcda3a'
DEBUG:paramiko.transport:userauth is OK
INFO:paramiko.transport:Auth banner: b"\r\n**************************************************************************\r\n* IOSv is strictly limited to use for evaluation, demonstration and IOS  *\r\n* education. IOSv is provided as-is and is not supported by Cisco's      *\r\n* Technical Advisory Center. Any use or disclosure, in whole or in part, *\r\n* of the IOSv Software or Documentation to any third party for any       *\r\n* purposes is expressly prohibited except as otherwise authorized by     *\r\n* Cisco in writing.                                                      *\r\n**************************************************************************"
INFO:paramiko.transport:Authentication (password) successful!
DEBUG:paramiko.transport:[chan 0] Max packet in: 32768 bytes
DEBUG:paramiko.transport:[chan 0] Max packet out: 4096 bytes
DEBUG:paramiko.transport:Secsh channel 0 opened.
DEBUG:paramiko.transport:[chan 0] Sesch channel 0 request ok
DEBUG:paramiko.transport:[chan 0] Sesch channel 0 request ok
DEBUG:netmiko:write_channel: b'terminal width 511\n'
DEBUG:netmiko:read_channel: 
DEBUG:netmiko:read_channel: 
DEBUG:netmiko:read_channel: 
**************************************************************************
* IOSv is strictly limited to use for evaluation, demonstration and IOS  *
* education. IOSv is provided as-is and is not supported by Cisco's      *
* Technical Advisory Center. Any use or disclosure, in whole or in part, *
* of the IOSv Software or Documentation to any third party for any       *
* purposes is expressly prohibited except as otherwise authorized by     *
* Cisco in writing.                                                      *
**************************************************************************
device>
DEBUG:netmiko:read_channel: 
DEBUG:netmiko:read_channel: 
DEBUG:netmiko:read_channel: 
DEBUG:netmiko:read_channel: 
DEBUG:netmiko:read_channel: 
DEBUG:netmiko:read_channel: t
DEBUG:netmiko:read_channel: 
DEBUG:netmiko:read_channel: er
DEBUG:netmiko:read_channel: 
DEBUG:netmiko:read_channel: 
DEBUG:netmiko:read_channel: m
DEBUG:netmiko:read_channel: i
DEBUG:netmiko:read_channel: 
DEBUG:netmiko:read_channel: 
DEBUG:netmiko:read_channel: n
DEBUG:netmiko:read_channel: a
DEBUG:netmiko:read_channel: 
DEBUG:netmiko:read_channel: l
DEBUG:netmiko:read_channel:  
DEBUG:netmiko:read_channel: w
DEBUG:netmiko:read_channel: 
DEBUG:netmiko:read_channel: id
DEBUG:netmiko:read_channel: t
DEBUG:netmiko:read_channel: h
DEBUG:netmiko:read_channel: 
DEBUG:netmiko:read_channel: 
DEBUG:netmiko:read_channel:  5
DEBUG:netmiko:read_channel: 1
DEBUG:netmiko:read_channel: 
DEBUG:netmiko:read_channel: 1
DEBUG:netmiko:Pattern found: (terminal width 511) 
**************************************************************************
* IOSv is strictly limited to use for evaluation, demonstration and IOS  *
* education. IOSv is provided as-is and is not supported by Cisco's      *
* Technical Advisory Center. Any use or disclosure, in whole or in part, *
* of the IOSv Software or Documentation to any third party for any       *
* purposes is expressly prohibited except as otherwise authorized by     *
* Cisco in writing.                                                      *
**************************************************************************
device>terminal width 511
DEBUG:netmiko:In disable_paging
DEBUG:netmiko:Command: terminal length 0

DEBUG:netmiko:write_channel: b'terminal length 0\n'
DEBUG:netmiko:read_channel: 
DEBUG:netmiko:read_channel: 

DEBUG:netmiko:read_channel: 
DEBUG:netmiko:read_channel: 
DEBUG:netmiko:read_channel: 
DEBUG:netmiko:read_channel: 
DEBUG:netmiko:read_channel: device>
DEBUG:netmiko:read_channel: 
DEBUG:netmiko:read_channel: 
DEBUG:netmiko:read_channel: 
DEBUG:netmiko:read_channel: t
DEBUG:netmiko:read_channel: 
DEBUG:netmiko:read_channel: e
DEBUG:netmiko:read_channel: rm
DEBUG:netmiko:read_channel: 
DEBUG:netmiko:read_channel: 
DEBUG:netmiko:read_channel: i
DEBUG:netmiko:read_channel: 
DEBUG:netmiko:read_channel: n
DEBUG:netmiko:read_channel: a
DEBUG:netmiko:read_channel: l
DEBUG:netmiko:read_channel:  
DEBUG:netmiko:read_channel: 
DEBUG:netmiko:read_channel: le
DEBUG:netmiko:read_channel: n
DEBUG:netmiko:read_channel: g
DEBUG:netmiko:read_channel: th
DEBUG:netmiko:read_channel: 
DEBUG:netmiko:read_channel:  0
DEBUG:netmiko:Pattern found: (terminal\ length\ 0) 
device>terminal length 0
DEBUG:netmiko:
device>terminal length 0
DEBUG:netmiko:Exiting disable_paging
DEBUG:netmiko:read_channel: 

DEBUG:netmiko:Clear buffer detects data in the channel
DEBUG:netmiko:read_channel: 
DEBUG:netmiko:write_channel: b'\n'
DEBUG:netmiko:read_channel: 
DEBUG:netmiko:read_channel: 
DEBUG:netmiko:read_channel: device>
DEBUG:netmiko:Pattern found: (\#|>) device>
DEBUG:netmiko:read_channel: 
DEBUG:netmiko:[find_prompt()]: prompt is device>
DEBUG:netmiko:write_channel: b'\n'
DEBUG:netmiko:read_channel: 
DEBUG:netmiko:read_channel: 
DEBUG:netmiko:read_channel: 
DEBUG:netmiko:read_channel: 
DEBUG:netmiko:read_channel: 
DEBUG:netmiko:read_channel: 
DEBUG:netmiko:read_channel: 
DEBUG:netmiko:read_channel: 
DEBUG:netmiko:read_channel: 

DEBUG:netmiko:read_channel: 
DEBUG:netmiko:read_channel: device>
DEBUG:netmiko:Pattern found: (device.*) 
device>
DEBUG:netmiko:write_channel: b'enable\n'
DEBUG:netmiko:read_channel: 
DEBUG:netmiko:read_channel: 
DEBUG:netmiko:read_channel: 
device>
DEBUG:netmiko:read_channel: 
DEBUG:netmiko:read_channel: 
DEBUG:netmiko:read_channel: 
DEBUG:netmiko:read_channel: e
DEBUG:netmiko:read_channel: n
DEBUG:netmiko:read_channel: a
DEBUG:netmiko:read_channel: b
DEBUG:netmiko:read_channel: 
DEBUG:netmiko:read_channel: 
DEBUG:netmiko:read_channel: l
DEBUG:netmiko:read_channel: e
DEBUG:netmiko:Pattern found: (enable) 
device>enable
DEBUG:netmiko:read_channel: 
DEBUG:netmiko:read_channel: 

DEBUG:netmiko:read_channel: Password: 
DEBUG:netmiko:Pattern found: ((?:device|ssword)) 
Password
DEBUG:netmiko:write_channel: b'\n'
DEBUG:netmiko:read_channel: 
DEBUG:netmiko:read_channel: 
DEBUG:netmiko:read_channel: 
DEBUG:netmiko:read_channel: 
DEBUG:netmiko:read_channel: 
DEBUG:netmiko:read_channel: 
Password: 
DEBUG:netmiko:read_channel: 
DEBUG:netmiko:read_channel: 
DEBUG:netmiko:read_channel: 
DEBUG:netmiko:read_channel: 
DEBUG:netmiko:read_channel: 
DEBUG:netmiko:read_channel: 
DEBUG:netmiko:read_channel: 
DEBUG:netmiko:read_channel: 
DEBUG:netmiko:read_channel: 
DEBUG:netmiko:read_channel: 
DEBUG:netmiko:read_channel: 
DEBUG:netmiko:read_channel: 
DEBUG:netmiko:read_channel: 
DEBUG:netmiko:read_channel: 
DEBUG:netmiko:read_channel: 
DEBUG:netmiko:read_channel: 
DEBUG:netmiko:read_channel: 
DEBUG:netmiko:read_channel: 
DEBUG:netmiko:read_channel: 
DEBUG:netmiko:read_channel: 
DEBUG:netmiko:read_channel: 
DEBUG:netmiko:read_channel: 
DEBUG:netmiko:read_channel: 
DEBUG:netmiko:read_channel: 
DEBUG:netmiko:read_channel: 
DEBUG:netmiko:read_channel: 
DEBUG:netmiko:read_channel: 
DEBUG:netmiko:read_channel: 
DEBUG:netmiko:read_channel: 
DEBUG:netmiko:read_channel: 
DEBUG:netmiko:read_channel: 
DEBUG:netmiko:read_channel: 
DEBUG:netmiko:read_channel: 
DEBUG:netmiko:read_channel: 
DEBUG:netmiko:read_channel: 
DEBUG:netmiko:read_channel: 
DEBUG:netmiko:read_channel: 
DEBUG:netmiko:read_channel: 
DEBUG:netmiko:read_channel: 
DEBUG:netmiko:read_channel: 
DEBUG:netmiko:read_channel: 
DEBUG:netmiko:read_channel: 
DEBUG:netmiko:read_channel: 
DEBUG:netmiko:read_channel: 
DEBUG:netmiko:read_channel: 
DEBUG:netmiko:read_channel: 
DEBUG:netmiko:read_channel: 
DEBUG:netmiko:read_channel: 
DEBUG:netmiko:read_channel: 
DEBUG:netmiko:read_channel: 
DEBUG:netmiko:read_channel: 
DEBUG:netmiko:read_channel: 
DEBUG:netmiko:read_channel: 
DEBUG:netmiko:read_channel: 
DEBUG:netmiko:read_channel: 
DEBUG:netmiko:read_channel: 
DEBUG:netmiko:read_channel: 
DEBUG:netmiko:read_channel: 
DEBUG:netmiko:read_channel: 
DEBUG:netmiko:read_channel: 
DEBUG:netmiko:read_channel: 
DEBUG:netmiko:read_channel: 
DEBUG:netmiko:read_channel: 
DEBUG:netmiko:read_channel: 
DEBUG:netmiko:read_channel: 
DEBUG:netmiko:read_channel: 
DEBUG:netmiko:read_channel: 
DEBUG:netmiko:read_channel: 
DEBUG:netmiko:read_channel: 
DEBUG:netmiko:read_channel: 
DEBUG:netmiko:read_channel: 
DEBUG:netmiko:read_channel: 
DEBUG:netmiko:read_channel: 
DEBUG:netmiko:read_channel: 
DEBUG:netmiko:read_channel: 
DEBUG:netmiko:read_channel: 
DEBUG:netmiko:read_channel: 
DEBUG:netmiko:read_channel: 
DEBUG:netmiko:read_channel: 
DEBUG:netmiko:read_channel: 
DEBUG:netmiko:read_channel: 
DEBUG:netmiko:read_channel: 
DEBUG:netmiko:read_channel: 
DEBUG:netmiko:read_channel: 
DEBUG:netmiko:read_channel: 
DEBUG:netmiko:read_channel: 
DEBUG:netmiko:read_channel: 
DEBUG:netmiko:read_channel: 
DEBUG:netmiko:read_channel: 
DEBUG:netmiko:read_channel: 
DEBUG:netmiko:read_channel: 
DEBUG:netmiko:read_channel: 
DEBUG:netmiko:read_channel: 
DEBUG:netmiko:read_channel: 
DEBUG:netmiko:read_channel: 
DEBUG:netmiko:read_channel: 
DEBUG:netmiko:read_channel: 
DEBUG:netmiko:read_channel: 
DEBUG:netmiko:read_channel: 
DEBUG:netmiko:read_channel: 
DEBUG:netmiko:read_channel: 
DEBUG:netmiko:read_channel: 
DEBUG:netmiko:read_channel: 
DEBUG:netmiko:read_channel: 
DEBUG:netmiko:read_channel: 
DEBUG:netmiko:read_channel: 
DEBUG:netmiko:read_channel: 
DEBUG:netmiko:read_channel: 
DEBUG:netmiko:read_channel: 
DEBUG:netmiko:read_channel: 
DEBUG:netmiko:read_channel: 
DEBUG:netmiko:read_channel: 
DEBUG:netmiko:read_channel: 
DEBUG:netmiko:read_channel: 
DEBUG:netmiko:read_channel: 
DEBUG:netmiko:read_channel: 
DEBUG:netmiko:read_channel: 
DEBUG:netmiko:read_channel: 
DEBUG:netmiko:read_channel: 
DEBUG:netmiko:read_channel: 
DEBUG:netmiko:read_channel: 
DEBUG:netmiko:read_channel: 
DEBUG:netmiko:read_channel: 
DEBUG:netmiko:read_channel: 
DEBUG:netmiko:read_channel: 
DEBUG:netmiko:read_channel: 
DEBUG:netmiko:read_channel: 
DEBUG:netmiko:read_channel: 
DEBUG:netmiko:read_channel: 
DEBUG:netmiko:read_channel: 
DEBUG:netmiko:read_channel: 
DEBUG:netmiko:read_channel: 
DEBUG:netmiko:read_channel: 
DEBUG:netmiko:read_channel: 
DEBUG:netmiko:read_channel: 
DEBUG:netmiko:read_channel: 
DEBUG:netmiko:read_channel: 
DEBUG:netmiko:read_channel: 
DEBUG:netmiko:read_channel: 
DEBUG:netmiko:read_channel: 
DEBUG:netmiko:read_channel: 
DEBUG:netmiko:read_channel: 
DEBUG:netmiko:read_channel: 
DEBUG:netmiko:read_channel: 
DEBUG:netmiko:read_channel: 
DEBUG:netmiko:read_channel: 
DEBUG:netmiko:read_channel: 
DEBUG:netmiko:read_channel: 
DEBUG:netmiko:read_channel: 
DEBUG:netmiko:read_channel: 
DEBUG:netmiko:read_channel: 
DEBUG:netmiko:read_channel: 
DEBUG:netmiko:read_channel: 
DEBUG:netmiko:read_channel: 
DEBUG:netmiko:read_channel: 
DEBUG:netmiko:read_channel: 
DEBUG:netmiko:read_channel: 
DEBUG:netmiko:read_channel: 
DEBUG:netmiko:read_channel: 
DEBUG:netmiko:read_channel: 
DEBUG:netmiko:read_channel: 
DEBUG:netmiko:read_channel: 
DEBUG:netmiko:read_channel: 
DEBUG:netmiko:read_channel: 
DEBUG:netmiko:read_channel: 
DEBUG:netmiko:read_channel: 
DEBUG:netmiko:read_channel: 
DEBUG:netmiko:read_channel: 
DEBUG:netmiko:read_channel: 
DEBUG:netmiko:read_channel: 
DEBUG:netmiko:read_channel: 
DEBUG:netmiko:read_channel: 
DEBUG:netmiko:read_channel: 
DEBUG:netmiko:read_channel: 
DEBUG:netmiko:read_channel: 
DEBUG:netmiko:read_channel: 
DEBUG:netmiko:read_channel: 
DEBUG:netmiko:read_channel: 
DEBUG:netmiko:read_channel: 
DEBUG:netmiko:read_channel: 
DEBUG:netmiko:read_channel: 
DEBUG:netmiko:read_channel: 
DEBUG:netmiko:read_channel: 
DEBUG:netmiko:read_channel: 
DEBUG:netmiko:read_channel: 
DEBUG:netmiko:read_channel: 
DEBUG:netmiko:read_channel: 
DEBUG:netmiko:read_channel: 
DEBUG:netmiko:read_channel: 
DEBUG:netmiko:read_channel: 
DEBUG:netmiko:read_channel: 
DEBUG:netmiko:read_channel: 
DEBUG:netmiko:read_channel: 
DEBUG:netmiko:read_channel: 
DEBUG:netmiko:read_channel: 
DEBUG:netmiko:read_channel: 
DEBUG:netmiko:read_channel: 
DEBUG:netmiko:read_channel: 
DEBUG:netmiko:read_channel: 
DEBUG:netmiko:read_channel: 
DEBUG:netmiko:read_channel: 
DEBUG:netmiko:read_channel: 
DEBUG:netmiko:read_channel: 
DEBUG:netmiko:read_channel: 
DEBUG:netmiko:read_channel: 
DEBUG:netmiko:read_channel: 
DEBUG:netmiko:read_channel: 
DEBUG:netmiko:read_channel: 
DEBUG:netmiko:read_channel: 
DEBUG:netmiko:read_channel: 
DEBUG:netmiko:read_channel: 
DEBUG:netmiko:read_channel: 
DEBUG:netmiko:read_channel: 
DEBUG:netmiko:read_channel: 
DEBUG:netmiko:read_channel: 
DEBUG:netmiko:read_channel: 
DEBUG:netmiko:read_channel: 
DEBUG:netmiko:read_channel: 
DEBUG:netmiko:read_channel: 
DEBUG:netmiko:read_channel: 
DEBUG:netmiko:read_channel: 
DEBUG:netmiko:read_channel: 
DEBUG:netmiko:read_channel: 
DEBUG:netmiko:read_channel: 
DEBUG:netmiko:read_channel: 
DEBUG:netmiko:read_channel: 
DEBUG:netmiko:read_channel: 
DEBUG:netmiko:read_channel: 
DEBUG:netmiko:read_channel: 
DEBUG:netmiko:read_channel: 
DEBUG:netmiko:read_channel: 
DEBUG:netmiko:read_channel: 
DEBUG:netmiko:read_channel: 
DEBUG:netmiko:read_channel: 
DEBUG:netmiko:read_channel: 
DEBUG:netmiko:read_channel: 
DEBUG:netmiko:read_channel: 
DEBUG:netmiko:read_channel: 
DEBUG:netmiko:read_channel: 
DEBUG:netmiko:read_channel: 
DEBUG:netmiko:read_channel: 
DEBUG:netmiko:read_channel: 
DEBUG:netmiko:read_channel: 
DEBUG:netmiko:read_channel: 
DEBUG:netmiko:read_channel: 
DEBUG:netmiko:read_channel: 
DEBUG:netmiko:read_channel: 
DEBUG:netmiko:read_channel: 
DEBUG:netmiko:read_channel: 
DEBUG:netmiko:read_channel: 
DEBUG:netmiko:read_channel: 
DEBUG:netmiko:read_channel: 
DEBUG:netmiko:read_channel: 
DEBUG:netmiko:read_channel: 
DEBUG:netmiko:read_channel: 
DEBUG:netmiko:read_channel: 
DEBUG:netmiko:read_channel: 
DEBUG:netmiko:read_channel: 
DEBUG:netmiko:read_channel: 
DEBUG:netmiko:read_channel: 
DEBUG:netmiko:read_channel: 
DEBUG:netmiko:read_channel: 
DEBUG:netmiko:read_channel: 
DEBUG:netmiko:read_channel: 
DEBUG:netmiko:read_channel: 
DEBUG:netmiko:read_channel: 
DEBUG:netmiko:read_channel: 
DEBUG:netmiko:read_channel: 
DEBUG:netmiko:read_channel: 
DEBUG:netmiko:read_channel: 
DEBUG:netmiko:read_channel: 
DEBUG:netmiko:read_channel: 
DEBUG:netmiko:read_channel: 
DEBUG:netmiko:read_channel: 
DEBUG:netmiko:read_channel: 
DEBUG:netmiko:read_channel: 
DEBUG:netmiko:read_channel: 
DEBUG:netmiko:read_channel: 
DEBUG:netmiko:read_channel: 
DEBUG:netmiko:read_channel: 
DEBUG:netmiko:read_channel: 
DEBUG:netmiko:read_channel: 
DEBUG:netmiko:read_channel: 
DEBUG:netmiko:read_channel: 
DEBUG:netmiko:read_channel: 
DEBUG:netmiko:read_channel: 
DEBUG:netmiko:read_channel: 
DEBUG:netmiko:read_channel: 
DEBUG:netmiko:read_channel: 
DEBUG:netmiko:read_channel: 
DEBUG:netmiko:read_channel: 
DEBUG:netmiko:read_channel: 
DEBUG:netmiko:read_channel: 
DEBUG:netmiko:read_channel: 
DEBUG:netmiko:read_channel: 
DEBUG:netmiko:read_channel: 
DEBUG:netmiko:read_channel: 
DEBUG:netmiko:read_channel: 
DEBUG:netmiko:read_channel: 
DEBUG:netmiko:read_channel: 
DEBUG:netmiko:read_channel: 
DEBUG:netmiko:read_channel: 
DEBUG:netmiko:read_channel: 
DEBUG:netmiko:read_channel: 
DEBUG:netmiko:read_channel: 
DEBUG:netmiko:read_channel: 
DEBUG:netmiko:read_channel: 
DEBUG:netmiko:read_channel: 
DEBUG:netmiko:read_channel: 
DEBUG:netmiko:read_channel: 
DEBUG:netmiko:read_channel: 
DEBUG:netmiko:read_channel: 
DEBUG:netmiko:read_channel: 
DEBUG:netmiko:read_channel: 
DEBUG:netmiko:read_channel: 
DEBUG:netmiko:read_channel: 
DEBUG:netmiko:read_channel: 
DEBUG:netmiko:read_channel: 
DEBUG:netmiko:read_channel: 
DEBUG:netmiko:read_channel: 
DEBUG:netmiko:read_channel: 
DEBUG:netmiko:read_channel: 
DEBUG:netmiko:read_channel: 
DEBUG:netmiko:read_channel: 
DEBUG:netmiko:read_channel: 
DEBUG:netmiko:read_channel: 
DEBUG:netmiko:read_channel: 
DEBUG:netmiko:read_channel: 
DEBUG:netmiko:read_channel: 
DEBUG:netmiko:read_channel: 
DEBUG:netmiko:read_channel: 
DEBUG:netmiko:read_channel: 
DEBUG:netmiko:read_channel: 
DEBUG:netmiko:read_channel: 
DEBUG:netmiko:read_channel: 
DEBUG:netmiko:read_channel: 
DEBUG:netmiko:read_channel: 
DEBUG:netmiko:read_channel: 
DEBUG:netmiko:read_channel: 
DEBUG:netmiko:read_channel: 
DEBUG:netmiko:read_channel: 
DEBUG:netmiko:read_channel: 
DEBUG:netmiko:read_channel: 
DEBUG:netmiko:read_channel: 
DEBUG:netmiko:read_channel: 
DEBUG:netmiko:read_channel: 
DEBUG:netmiko:read_channel: 
DEBUG:netmiko:read_channel: 
DEBUG:netmiko:read_channel: 
DEBUG:netmiko:read_channel: 
DEBUG:netmiko:read_channel: 
DEBUG:netmiko:read_channel: 
DEBUG:netmiko:read_channel: 
DEBUG:netmiko:read_channel: 
DEBUG:netmiko:read_channel: 
DEBUG:netmiko:read_channel: 
DEBUG:netmiko:read_channel: 
DEBUG:netmiko:read_channel: 
DEBUG:netmiko:read_channel: 
DEBUG:netmiko:read_channel: 
DEBUG:netmiko:read_channel: 
DEBUG:netmiko:read_channel: 
DEBUG:netmiko:read_channel: 
DEBUG:netmiko:read_channel: 
DEBUG:netmiko:read_channel: 
DEBUG:netmiko:read_channel: 
DEBUG:netmiko:read_channel: 
DEBUG:netmiko:read_channel: 
DEBUG:netmiko:read_channel: 
DEBUG:netmiko:read_channel: 
DEBUG:netmiko:read_channel: 
DEBUG:netmiko:read_channel: 
DEBUG:netmiko:read_channel: 
DEBUG:netmiko:read_channel: 
DEBUG:netmiko:read_channel: 
DEBUG:netmiko:read_channel: 
DEBUG:netmiko:read_channel: 
DEBUG:netmiko:read_channel: 
DEBUG:netmiko:read_channel: 
DEBUG:netmiko:read_channel: 
DEBUG:netmiko:read_channel: 
DEBUG:netmiko:read_channel: 
DEBUG:netmiko:read_channel: 
DEBUG:netmiko:read_channel: 
DEBUG:netmiko:read_channel: 
DEBUG:netmiko:read_channel: 
DEBUG:netmiko:read_channel: 
DEBUG:netmiko:read_channel: 
DEBUG:netmiko:read_channel: 
DEBUG:netmiko:read_channel: 
DEBUG:netmiko:read_channel: 
DEBUG:netmiko:read_channel: 
DEBUG:netmiko:read_channel: 
DEBUG:netmiko:read_channel: 
DEBUG:netmiko:read_channel: 
DEBUG:netmiko:read_channel: 
DEBUG:netmiko:read_channel: 
DEBUG:netmiko:read_channel: 
DEBUG:netmiko:read_channel: 
DEBUG:netmiko:read_channel: 
DEBUG:netmiko:read_channel: 
DEBUG:netmiko:read_channel: 
DEBUG:netmiko:read_channel: 
DEBUG:netmiko:read_channel: 
DEBUG:netmiko:read_channel: 
DEBUG:netmiko:read_channel: 
DEBUG:netmiko:read_channel: 
DEBUG:netmiko:read_channel: 
DEBUG:netmiko:read_channel: 
DEBUG:netmiko:read_channel: 
DEBUG:netmiko:read_channel: 
DEBUG:netmiko:read_channel: 
DEBUG:netmiko:read_channel: 
DEBUG:netmiko:read_channel: 
DEBUG:netmiko:read_channel: 
DEBUG:netmiko:read_channel: 
DEBUG:netmiko:read_channel: 
DEBUG:netmiko:read_channel: 
DEBUG:netmiko:read_channel: 
DEBUG:netmiko:read_channel: 
DEBUG:netmiko:read_channel: 
DEBUG:netmiko:read_channel: 
DEBUG:netmiko:read_channel: 
DEBUG:netmiko:read_channel: 
DEBUG:netmiko:read_channel: 
DEBUG:netmiko:read_channel: 
DEBUG:netmiko:read_channel: 
DEBUG:netmiko:read_channel: 
DEBUG:netmiko:read_channel: 
DEBUG:netmiko:read_channel: 
DEBUG:netmiko:read_channel: 
DEBUG:netmiko:read_channel: 
DEBUG:netmiko:read_channel: 
DEBUG:netmiko:read_channel: 
DEBUG:netmiko:read_channel: 
DEBUG:netmiko:read_channel: 
DEBUG:netmiko:read_channel: 
DEBUG:netmiko:read_channel: 
DEBUG:netmiko:read_channel: 
DEBUG:netmiko:read_channel: 
DEBUG:netmiko:read_channel: 
DEBUG:netmiko:read_channel: 
DEBUG:netmiko:read_channel: 
DEBUG:netmiko:read_channel: 
DEBUG:netmiko:read_channel: 
DEBUG:netmiko:read_channel: 
DEBUG:netmiko:read_channel: 
DEBUG:netmiko:read_channel: 
DEBUG:netmiko:read_channel: 
DEBUG:netmiko:read_channel: 
DEBUG:netmiko:read_channel: 
DEBUG:netmiko:read_channel: 
DEBUG:netmiko:read_channel: 
DEBUG:netmiko:read_channel: 
DEBUG:netmiko:read_channel: 
DEBUG:netmiko:read_channel: 
DEBUG:netmiko:read_channel: 
DEBUG:netmiko:read_channel: 
DEBUG:netmiko:read_channel: 
DEBUG:netmiko:read_channel: 
DEBUG:netmiko:read_channel: 
DEBUG:netmiko:read_channel: 
DEBUG:netmiko:read_channel: 
DEBUG:netmiko:read_channel: 
DEBUG:netmiko:read_channel: 
DEBUG:netmiko:read_channel: 
DEBUG:netmiko:read_channel: 
DEBUG:netmiko:read_channel: 
DEBUG:netmiko:read_channel: 
DEBUG:netmiko:read_channel: 
DEBUG:netmiko:read_channel: 
DEBUG:netmiko:read_channel: 
DEBUG:netmiko:read_channel: 
DEBUG:netmiko:read_channel: 
DEBUG:netmiko:read_channel: 
DEBUG:netmiko:read_channel: 
DEBUG:netmiko:read_channel: 
DEBUG:netmiko:read_channel: 
DEBUG:netmiko:read_channel: 
DEBUG:netmiko:read_channel: 
DEBUG:netmiko:read_channel: 
DEBUG:netmiko:read_channel: 
DEBUG:netmiko:read_channel: 
DEBUG:netmiko:read_channel: 
DEBUG:netmiko:read_channel: 
DEBUG:netmiko:read_channel: 
DEBUG:netmiko:read_channel: 
DEBUG:netmiko:read_channel: 
DEBUG:netmiko:read_channel: 
DEBUG:netmiko:read_channel: 
DEBUG:netmiko:read_channel: 
DEBUG:netmiko:read_channel: 
DEBUG:netmiko:read_channel: 
DEBUG:netmiko:read_channel: 
DEBUG:netmiko:read_channel: 
DEBUG:netmiko:read_channel: 
DEBUG:netmiko:read_channel: 
DEBUG:netmiko:read_channel: 
DEBUG:netmiko:read_channel: 
DEBUG:netmiko:read_channel: 
DEBUG:netmiko:read_channel: 
DEBUG:netmiko:read_channel: 
DEBUG:netmiko:read_channel: 
DEBUG:netmiko:read_channel: 
DEBUG:netmiko:read_channel: 
DEBUG:netmiko:read_channel: 
DEBUG:netmiko:read_channel: 
DEBUG:netmiko:read_channel: 
DEBUG:netmiko:read_channel: 
DEBUG:netmiko:read_channel: 
DEBUG:netmiko:read_channel: 
DEBUG:netmiko:read_channel: 
DEBUG:netmiko:read_channel: 
DEBUG:netmiko:read_channel: 
DEBUG:netmiko:read_channel: 
DEBUG:netmiko:read_channel: 
DEBUG:netmiko:read_channel: 
DEBUG:netmiko:read_channel: 
DEBUG:netmiko:read_channel: 
DEBUG:netmiko:read_channel: 
DEBUG:netmiko:read_channel: 
DEBUG:netmiko:read_channel: 
DEBUG:netmiko:read_channel: 
DEBUG:netmiko:read_channel: 
DEBUG:netmiko:read_channel: 
DEBUG:netmiko:read_channel: 
DEBUG:netmiko:read_channel: 
DEBUG:netmiko:read_channel: 
DEBUG:netmiko:read_channel: 
DEBUG:netmiko:read_channel: 
DEBUG:netmiko:read_channel: 
DEBUG:netmiko:read_channel: 
DEBUG:netmiko:read_channel: 
DEBUG:netmiko:read_channel: 
DEBUG:netmiko:read_channel: 
DEBUG:netmiko:read_channel: 
DEBUG:netmiko:read_channel: 
DEBUG:netmiko:read_channel: 
DEBUG:netmiko:read_channel: 
DEBUG:netmiko:read_channel: 
DEBUG:netmiko:read_channel: 
DEBUG:netmiko:read_channel: 
DEBUG:netmiko:read_channel: 
DEBUG:netmiko:read_channel: 
DEBUG:netmiko:read_channel: 
DEBUG:netmiko:read_channel: 
DEBUG:netmiko:read_channel: 
DEBUG:netmiko:read_channel: 
DEBUG:netmiko:read_channel: 
DEBUG:netmiko:read_channel: 
DEBUG:netmiko:read_channel: 
DEBUG:netmiko:read_channel: 
DEBUG:netmiko:read_channel: 
DEBUG:netmiko:read_channel: 
DEBUG:netmiko:read_channel: 
DEBUG:netmiko:read_channel: 
DEBUG:netmiko:read_channel: 
DEBUG:netmiko:read_channel: 
DEBUG:netmiko:read_channel: 
DEBUG:netmiko:read_channel: 
DEBUG:netmiko:read_channel: 
DEBUG:netmiko:read_channel: 
DEBUG:netmiko:read_channel: 
DEBUG:netmiko:read_channel: 
DEBUG:netmiko:read_channel: 
DEBUG:netmiko:read_channel: 
DEBUG:netmiko:read_channel: 
DEBUG:netmiko:read_channel: 
DEBUG:netmiko:read_channel: 
DEBUG:netmiko:read_channel: 
DEBUG:netmiko:read_channel: 
DEBUG:netmiko:read_channel: 
DEBUG:netmiko:read_channel: 
DEBUG:netmiko:read_channel: 
DEBUG:netmiko:read_channel: 
DEBUG:netmiko:read_channel: 
DEBUG:netmiko:read_channel: 
DEBUG:netmiko:read_channel: 
DEBUG:netmiko:read_channel: 
DEBUG:netmiko:read_channel: 
DEBUG:netmiko:read_channel: 
DEBUG:netmiko:read_channel: 
DEBUG:netmiko:read_channel: 
DEBUG:netmiko:read_channel: 
DEBUG:netmiko:read_channel: 
DEBUG:netmiko:read_channel: 
DEBUG:netmiko:read_channel: 
DEBUG:netmiko:read_channel: 
DEBUG:netmiko:read_channel: 
DEBUG:netmiko:read_channel: 
DEBUG:netmiko:read_channel: 
DEBUG:netmiko:read_channel: 
DEBUG:netmiko:read_channel: 
DEBUG:netmiko:read_channel: 
DEBUG:netmiko:read_channel: 
DEBUG:netmiko:read_channel: 
DEBUG:netmiko:read_channel: 
DEBUG:netmiko:read_channel: 
DEBUG:netmiko:read_channel: 
DEBUG:netmiko:read_channel: 
DEBUG:netmiko:read_channel: 
DEBUG:netmiko:read_channel: 
DEBUG:netmiko:read_channel: 
DEBUG:netmiko:read_channel: 
DEBUG:netmiko:read_channel: 
DEBUG:netmiko:read_channel: 
DEBUG:netmiko:read_channel: 
DEBUG:netmiko:read_channel: 
DEBUG:netmiko:read_channel: 
DEBUG:netmiko:read_channel: 
DEBUG:netmiko:read_channel: 
DEBUG:netmiko:read_channel: 
DEBUG:netmiko:read_channel: 
DEBUG:netmiko:read_channel: 
DEBUG:netmiko:read_channel: 
DEBUG:netmiko:read_channel: 
DEBUG:netmiko:read_channel: 
DEBUG:netmiko:read_channel: 
DEBUG:netmiko:read_channel: 
DEBUG:netmiko:read_channel: 
DEBUG:netmiko:read_channel: 
DEBUG:netmiko:read_channel: 
DEBUG:netmiko:read_channel: 
DEBUG:netmiko:read_channel: 
DEBUG:netmiko:read_channel: 
DEBUG:netmiko:read_channel: 
DEBUG:netmiko:read_channel: 
DEBUG:netmiko:read_channel: 
DEBUG:netmiko:read_channel: 
DEBUG:netmiko:read_channel: 
DEBUG:netmiko:read_channel: 
DEBUG:netmiko:read_channel: 
DEBUG:netmiko:read_channel: 
DEBUG:netmiko:read_channel: 
DEBUG:netmiko:read_channel: 
DEBUG:netmiko:read_channel: 
DEBUG:netmiko:read_channel: 
DEBUG:paramiko.transport:EOF in transport thread
DEBUG:paramiko.transport:starting thread (client mode): 0x201c6b30
DEBUG:paramiko.transport:Local version/idstring: SSH-2.0-paramiko_2.11.0
DEBUG:paramiko.transport:Remote version/idstring: SSH-1.99-Cisco-1.25
INFO:paramiko.transport:Connected (version 1.99, client Cisco-1.25)
DEBUG:paramiko.transport:=== Key exchange possibilities ===
DEBUG:paramiko.transport:kex algos: diffie-hellman-group-exchange-sha1, diffie-hellman-group14-sha1
DEBUG:paramiko.transport:server key: ssh-rsa
DEBUG:paramiko.transport:client encrypt: aes128-ctr, aes192-ctr, aes256-ctr
DEBUG:paramiko.transport:server encrypt: aes128-ctr, aes192-ctr, aes256-ctr
DEBUG:paramiko.transport:client mac: hmac-sha2-256, hmac-sha2-512, hmac-sha1, hmac-sha1-96
DEBUG:paramiko.transport:server mac: hmac-sha2-256, hmac-sha2-512, hmac-sha1, hmac-sha1-96
DEBUG:paramiko.transport:client compress: none
DEBUG:paramiko.transport:server compress: none
DEBUG:paramiko.transport:client lang: <none>
DEBUG:paramiko.transport:server lang: <none>
DEBUG:paramiko.transport:kex follows: False
DEBUG:paramiko.transport:=== Key exchange agreements ===
DEBUG:paramiko.transport:Kex: diffie-hellman-group-exchange-sha1
DEBUG:paramiko.transport:HostKey: ssh-rsa
DEBUG:paramiko.transport:Cipher: aes128-ctr
DEBUG:paramiko.transport:MAC: hmac-sha2-256
DEBUG:paramiko.transport:Compression: none
DEBUG:paramiko.transport:=== End of kex handshake ===
DEBUG:paramiko.transport:Got server p (2048 bits)
DEBUG:paramiko.transport:kex engine KexGex specified hash_algo <built-in function openssl_sha1>
DEBUG:paramiko.transport:Switch to new keys ...
DEBUG:paramiko.transport:Adding ssh-rsa host key for 192.168.85.131: b'250c94455d9819c43afc071054dcda3a'
DEBUG:paramiko.transport:userauth is OK
INFO:paramiko.transport:Auth banner: b"\r\n**************************************************************************\r\n* IOSv is strictly limited to use for evaluation, demonstration and IOS  *\r\n* education. IOSv is provided as-is and is not supported by Cisco's      *\r\n* Technical Advisory Center. Any use or disclosure, in whole or in part, *\r\n* of the IOSv Software or Documentation to any third party for any       *\r\n* purposes is expressly prohibited except as otherwise authorized by     *\r\n* Cisco in writing.                                                      *\r\n**************************************************************************"
INFO:paramiko.transport:Authentication (password) successful!
DEBUG:paramiko.transport:[chan 0] Max packet in: 32768 bytes
DEBUG:paramiko.transport:[chan 0] Max packet out: 4096 bytes
DEBUG:paramiko.transport:Secsh channel 0 opened.
DEBUG:paramiko.transport:[chan 0] Sesch channel 0 request ok
DEBUG:paramiko.transport:[chan 0] Sesch channel 0 request ok
DEBUG:netmiko:write_channel: b'terminal width 511\n'
DEBUG:netmiko:read_channel: 
DEBUG:netmiko:read_channel: 
DEBUG:netmiko:read_channel: 
DEBUG:netmiko:read_channel: 
**************************************************************************
* IOSv is strictly limited to use for evaluation, demonstration and IOS  *
* education. IOSv is provided as-is and is not supported by Cisco's      *
* Technical Advisory Center. Any use or disclosure, in whole or in part, *
* of the IOSv Software or Documentation to any third party for any       *
* purposes is expressly prohibited except as otherwise authorized by     *
* Cisco in writing.                                                      *
**************************************************************************
device>
DEBUG:netmiko:read_channel: 
DEBUG:netmiko:read_channel: 
DEBUG:netmiko:read_channel: 
DEBUG:netmiko:read_channel: 
DEBUG:netmiko:read_channel: 
DEBUG:netmiko:read_channel: 
DEBUG:netmiko:read_channel: 
DEBUG:netmiko:read_channel: t
DEBUG:netmiko:read_channel: 
DEBUG:netmiko:read_channel: e
DEBUG:netmiko:read_channel: 
DEBUG:netmiko:read_channel: 
DEBUG:netmiko:read_channel: 
DEBUG:netmiko:read_channel: 
DEBUG:netmiko:read_channel: 
DEBUG:netmiko:read_channel: r
DEBUG:netmiko:read_channel: 
DEBUG:netmiko:read_channel: m
DEBUG:netmiko:read_channel: 
DEBUG:netmiko:read_channel: i
DEBUG:netmiko:read_channel: n
DEBUG:netmiko:read_channel: 
DEBUG:netmiko:read_channel: 
DEBUG:netmiko:read_channel: 
DEBUG:netmiko:read_channel: 
DEBUG:netmiko:read_channel: a
DEBUG:netmiko:read_channel: l 
DEBUG:netmiko:read_channel: 
DEBUG:netmiko:read_channel: 
DEBUG:netmiko:read_channel: 
DEBUG:netmiko:read_channel: w
DEBUG:netmiko:read_channel: 
DEBUG:netmiko:read_channel: i
DEBUG:netmiko:read_channel: dt
DEBUG:netmiko:read_channel: 
DEBUG:netmiko:read_channel: 
DEBUG:netmiko:read_channel: h
DEBUG:netmiko:read_channel: 
DEBUG:netmiko:read_channel:  
DEBUG:netmiko:read_channel: 
DEBUG:netmiko:read_channel: 
DEBUG:netmiko:read_channel: 
DEBUG:netmiko:read_channel: 
DEBUG:netmiko:read_channel: 5
DEBUG:netmiko:read_channel: 1
DEBUG:netmiko:read_channel: 
DEBUG:netmiko:read_channel: 
DEBUG:netmiko:read_channel: 
DEBUG:netmiko:read_channel: 
DEBUG:netmiko:read_channel: 
DEBUG:netmiko:read_channel: 
DEBUG:netmiko:read_channel: 
DEBUG:netmiko:read_channel: 
DEBUG:netmiko:read_channel: 
DEBUG:netmiko:read_channel: 
DEBUG:netmiko:read_channel: 
DEBUG:netmiko:read_channel: 
DEBUG:netmiko:read_channel: 1
DEBUG:netmiko:Pattern found: (terminal width 511) 
**************************************************************************
* IOSv is strictly limited to use for evaluation, demonstration and IOS  *
* education. IOSv is provided as-is and is not supported by Cisco's      *
* Technical Advisory Center. Any use or disclosure, in whole or in part, *
* of the IOSv Software or Documentation to any third party for any       *
* purposes is expressly prohibited except as otherwise authorized by     *
* Cisco in writing.                                                      *
**************************************************************************
device>terminal width 511
DEBUG:netmiko:In disable_paging
DEBUG:netmiko:Command: terminal length 0

DEBUG:netmiko:write_channel: b'terminal length 0\n'
DEBUG:netmiko:read_channel: 
DEBUG:netmiko:read_channel: 
DEBUG:netmiko:read_channel: 
DEBUG:netmiko:read_channel: 

DEBUG:netmiko:read_channel: 
DEBUG:netmiko:read_channel: 
DEBUG:netmiko:read_channel: 
DEBUG:netmiko:read_channel: device>
DEBUG:netmiko:read_channel: 
DEBUG:netmiko:read_channel: 
DEBUG:netmiko:read_channel: t
DEBUG:netmiko:read_channel: e
DEBUG:netmiko:read_channel: r
DEBUG:netmiko:read_channel: 
DEBUG:netmiko:read_channel: m
DEBUG:netmiko:read_channel: 
DEBUG:netmiko:read_channel: 
DEBUG:netmiko:read_channel: 
DEBUG:netmiko:read_channel: 
DEBUG:netmiko:read_channel: 
DEBUG:netmiko:read_channel: 
DEBUG:netmiko:read_channel: 
DEBUG:netmiko:read_channel: in
DEBUG:netmiko:read_channel: a
DEBUG:netmiko:read_channel: 
DEBUG:netmiko:read_channel: l
DEBUG:netmiko:read_channel: 
DEBUG:netmiko:read_channel: 
DEBUG:netmiko:read_channel: 
DEBUG:netmiko:read_channel: 
DEBUG:netmiko:read_channel:  
DEBUG:netmiko:read_channel: l
DEBUG:netmiko:read_channel: 
DEBUG:netmiko:read_channel: e
DEBUG:netmiko:read_channel: n
DEBUG:netmiko:read_channel: 
DEBUG:netmiko:read_channel: gt
DEBUG:netmiko:read_channel: 
DEBUG:netmiko:read_channel: h
DEBUG:netmiko:read_channel: 
DEBUG:netmiko:read_channel:  
DEBUG:netmiko:read_channel: 0

DEBUG:netmiko:Pattern found: (terminal\ length\ 0) 
device>terminal length 0
DEBUG:netmiko:
device>terminal length 0
DEBUG:netmiko:Exiting disable_paging
DEBUG:netmiko:read_channel: 
DEBUG:netmiko:Clear buffer detects data in the channel
DEBUG:netmiko:read_channel: 
DEBUG:netmiko:write_channel: b'\n'
DEBUG:netmiko:read_channel: 
DEBUG:netmiko:read_channel: device>
DEBUG:netmiko:Pattern found: (\#|>) device>
DEBUG:netmiko:read_channel: 
DEBUG:netmiko:[find_prompt()]: prompt is device>
DEBUG:netmiko:write_channel: b'\n'
DEBUG:netmiko:read_channel: 
DEBUG:netmiko:read_channel: 
DEBUG:netmiko:read_channel: 
DEBUG:netmiko:read_channel: 
device>
DEBUG:netmiko:Pattern found: (device.*) 
device>
DEBUG:netmiko:write_channel: b'enable\n'
DEBUG:netmiko:read_channel: 
DEBUG:netmiko:read_channel: 
DEBUG:netmiko:read_channel: 
DEBUG:netmiko:read_channel: 
DEBUG:netmiko:read_channel: 
DEBUG:netmiko:read_channel: 
DEBUG:netmiko:read_channel: 
DEBUG:netmiko:read_channel: 
DEBUG:netmiko:read_channel: 
DEBUG:netmiko:read_channel: 

DEBUG:netmiko:read_channel: 
DEBUG:netmiko:read_channel: 
DEBUG:netmiko:read_channel: 
DEBUG:netmiko:read_channel: device>
DEBUG:netmiko:read_channel: 
DEBUG:netmiko:read_channel: 
DEBUG:netmiko:read_channel: 
DEBUG:netmiko:read_channel: 
DEBUG:netmiko:read_channel: 
DEBUG:netmiko:read_channel: 
DEBUG:netmiko:read_channel: 
DEBUG:netmiko:read_channel: 
DEBUG:netmiko:read_channel: 
DEBUG:netmiko:read_channel: e
DEBUG:netmiko:read_channel: 
DEBUG:netmiko:read_channel: 
DEBUG:netmiko:read_channel: 
DEBUG:netmiko:read_channel: n
DEBUG:netmiko:read_channel: 
DEBUG:netmiko:read_channel: a
DEBUG:netmiko:read_channel: 
DEBUG:netmiko:read_channel: 
DEBUG:netmiko:read_channel: 
DEBUG:netmiko:read_channel: 
DEBUG:netmiko:read_channel: b
DEBUG:netmiko:read_channel: 
DEBUG:netmiko:read_channel: 
DEBUG:netmiko:read_channel: 
DEBUG:netmiko:read_channel: l
DEBUG:netmiko:read_channel: e

DEBUG:netmiko:Pattern found: (enable) 
device>enable
DEBUG:netmiko:read_channel: 
DEBUG:netmiko:read_channel: 
DEBUG:netmiko:read_channel: 
DEBUG:netmiko:read_channel: 
DEBUG:netmiko:read_channel: 
DEBUG:netmiko:read_channel: Password: 
DEBUG:netmiko:Pattern found: ((?:device|ssword)) 
Password
DEBUG:netmiko:write_channel: b'\n'
DEBUG:netmiko:read_channel: 
DEBUG:netmiko:read_channel: 
DEBUG:netmiko:read_channel: 
DEBUG:netmiko:read_channel: 
DEBUG:netmiko:read_channel: 
DEBUG:netmiko:read_channel: 
DEBUG:netmiko:read_channel: 
DEBUG:netmiko:read_channel: 
DEBUG:netmiko:read_channel: 
Password: 
DEBUG:netmiko:read_channel: 
DEBUG:netmiko:read_channel: 
DEBUG:netmiko:read_channel: 
DEBUG:netmiko:read_channel: 
DEBUG:netmiko:read_channel: 
DEBUG:netmiko:read_channel: 
DEBUG:netmiko:read_channel: 
DEBUG:netmiko:read_channel: 
DEBUG:netmiko:read_channel: 
DEBUG:netmiko:read_channel: 
DEBUG:netmiko:read_channel: 
DEBUG:netmiko:read_channel: 
DEBUG:netmiko:read_channel: 
DEBUG:netmiko:read_channel: 
DEBUG:netmiko:read_channel: 
DEBUG:netmiko:read_channel: 
DEBUG:netmiko:read_channel: 
DEBUG:netmiko:read_channel: 
DEBUG:netmiko:read_channel: 
DEBUG:netmiko:read_channel: 
DEBUG:netmiko:read_channel: 
DEBUG:netmiko:read_channel: 
DEBUG:netmiko:read_channel: 
DEBUG:netmiko:read_channel: 
DEBUG:netmiko:read_channel: 
DEBUG:netmiko:read_channel: 
DEBUG:netmiko:read_channel: 
DEBUG:netmiko:read_channel: 
DEBUG:netmiko:read_channel: 
DEBUG:netmiko:read_channel: 
DEBUG:netmiko:read_channel: 
DEBUG:netmiko:read_channel: 
DEBUG:netmiko:read_channel: 
DEBUG:netmiko:read_channel: 
DEBUG:netmiko:read_channel: 
DEBUG:netmiko:read_channel: 
DEBUG:netmiko:read_channel: 
DEBUG:netmiko:read_channel: 
DEBUG:netmiko:read_channel: 
DEBUG:netmiko:read_channel: 
DEBUG:netmiko:read_channel: 
DEBUG:netmiko:read_channel: 
DEBUG:netmiko:read_channel: 
DEBUG:netmiko:read_channel: 
DEBUG:netmiko:read_channel: 
DEBUG:netmiko:read_channel: 
DEBUG:netmiko:read_channel: 
DEBUG:netmiko:read_channel: 
DEBUG:netmiko:read_channel: 
DEBUG:netmiko:read_channel: 
DEBUG:netmiko:read_channel: 
DEBUG:netmiko:read_channel: 
DEBUG:netmiko:read_channel: 
DEBUG:netmiko:read_channel: 
DEBUG:netmiko:read_channel: 
DEBUG:netmiko:read_channel: 
DEBUG:netmiko:read_channel: 
DEBUG:netmiko:read_channel: 
DEBUG:netmiko:read_channel: 
DEBUG:netmiko:read_channel: 
DEBUG:netmiko:read_channel: 
DEBUG:netmiko:read_channel: 
DEBUG:netmiko:read_channel: 
DEBUG:netmiko:read_channel: 
DEBUG:netmiko:read_channel: 
DEBUG:netmiko:read_channel: 
DEBUG:netmiko:read_channel: 
DEBUG:netmiko:read_channel: 
DEBUG:netmiko:read_channel: 
DEBUG:netmiko:read_channel: 
DEBUG:netmiko:read_channel: 
DEBUG:netmiko:read_channel: 
DEBUG:netmiko:read_channel: 
DEBUG:netmiko:read_channel: 
DEBUG:netmiko:read_channel: 
DEBUG:netmiko:read_channel: 
DEBUG:netmiko:read_channel: 
DEBUG:netmiko:read_channel: 
DEBUG:netmiko:read_channel: 
DEBUG:netmiko:read_channel: 
DEBUG:netmiko:read_channel: 
DEBUG:netmiko:read_channel: 
DEBUG:netmiko:read_channel: 
DEBUG:netmiko:read_channel: 
DEBUG:netmiko:read_channel: 
DEBUG:netmiko:read_channel: 
DEBUG:netmiko:read_channel: 
DEBUG:netmiko:read_channel: 
DEBUG:netmiko:read_channel: 
DEBUG:netmiko:read_channel: 
DEBUG:netmiko:read_channel: 
DEBUG:netmiko:read_channel: 
DEBUG:netmiko:read_channel: 
DEBUG:netmiko:read_channel: 
DEBUG:netmiko:read_channel: 
DEBUG:netmiko:read_channel: 
DEBUG:netmiko:read_channel: 
DEBUG:netmiko:read_channel: 
DEBUG:netmiko:read_channel: 
DEBUG:netmiko:read_channel: 
DEBUG:netmiko:read_channel: 
DEBUG:netmiko:read_channel: 
DEBUG:netmiko:read_channel: 
DEBUG:netmiko:read_channel: 
DEBUG:netmiko:read_channel: 
DEBUG:netmiko:read_channel: 
DEBUG:netmiko:read_channel: 
DEBUG:netmiko:read_channel: 
DEBUG:netmiko:read_channel: 
DEBUG:netmiko:read_channel: 
DEBUG:netmiko:read_channel: 
DEBUG:netmiko:read_channel: 
DEBUG:netmiko:read_channel: 
DEBUG:netmiko:read_channel: 
DEBUG:netmiko:read_channel: 
DEBUG:netmiko:read_channel: 
DEBUG:netmiko:read_channel: 
DEBUG:netmiko:read_channel: 
DEBUG:netmiko:read_channel: 
DEBUG:netmiko:read_channel: 
DEBUG:netmiko:read_channel: 
DEBUG:netmiko:read_channel: 
DEBUG:netmiko:read_channel: 
DEBUG:netmiko:read_channel: 
DEBUG:netmiko:read_channel: 
DEBUG:netmiko:read_channel: 
DEBUG:netmiko:read_channel: 
DEBUG:netmiko:read_channel: 
DEBUG:netmiko:read_channel: 
DEBUG:netmiko:read_channel: 
DEBUG:netmiko:read_channel: 
DEBUG:netmiko:read_channel: 
DEBUG:netmiko:read_channel: 
DEBUG:netmiko:read_channel: 
DEBUG:netmiko:read_channel: 
DEBUG:netmiko:read_channel: 
DEBUG:netmiko:read_channel: 
DEBUG:netmiko:read_channel: 
DEBUG:netmiko:read_channel: 
DEBUG:netmiko:read_channel: 
DEBUG:netmiko:read_channel: 
DEBUG:netmiko:read_channel: 
DEBUG:netmiko:read_channel: 
DEBUG:netmiko:read_channel: 
DEBUG:netmiko:read_channel: 
DEBUG:netmiko:read_channel: 
DEBUG:netmiko:read_channel: 
DEBUG:netmiko:read_channel: 
DEBUG:netmiko:read_channel: 
DEBUG:netmiko:read_channel: 
DEBUG:netmiko:read_channel: 
DEBUG:netmiko:read_channel: 
DEBUG:netmiko:read_channel: 
DEBUG:netmiko:read_channel: 
DEBUG:netmiko:read_channel: 
DEBUG:netmiko:read_channel: 
DEBUG:netmiko:read_channel: 
DEBUG:netmiko:read_channel: 
DEBUG:netmiko:read_channel: 
DEBUG:netmiko:read_channel: 
DEBUG:netmiko:read_channel: 
DEBUG:netmiko:read_channel: 
DEBUG:netmiko:read_channel: 
DEBUG:netmiko:read_channel: 
DEBUG:netmiko:read_channel: 
DEBUG:netmiko:read_channel: 
DEBUG:netmiko:read_channel: 
DEBUG:netmiko:read_channel: 
DEBUG:netmiko:read_channel: 
DEBUG:netmiko:read_channel: 
DEBUG:netmiko:read_channel: 
DEBUG:netmiko:read_channel: 
DEBUG:netmiko:read_channel: 
DEBUG:netmiko:read_channel: 
DEBUG:netmiko:read_channel: 
DEBUG:netmiko:read_channel: 
DEBUG:netmiko:read_channel: 
DEBUG:netmiko:read_channel: 
DEBUG:netmiko:read_channel: 
DEBUG:netmiko:read_channel: 
DEBUG:netmiko:read_channel: 
DEBUG:netmiko:read_channel: 
DEBUG:netmiko:read_channel: 
DEBUG:netmiko:read_channel: 
DEBUG:netmiko:read_channel: 
DEBUG:netmiko:read_channel: 
DEBUG:netmiko:read_channel: 
DEBUG:netmiko:read_channel: 
DEBUG:netmiko:read_channel: 
DEBUG:netmiko:read_channel: 
DEBUG:netmiko:read_channel: 
DEBUG:netmiko:read_channel: 
DEBUG:netmiko:read_channel: 
DEBUG:netmiko:read_channel: 
DEBUG:netmiko:read_channel: 
DEBUG:netmiko:read_channel: 
DEBUG:netmiko:read_channel: 
DEBUG:netmiko:read_channel: 
DEBUG:netmiko:read_channel: 
DEBUG:netmiko:read_channel: 
DEBUG:netmiko:read_channel: 
DEBUG:netmiko:read_channel: 
DEBUG:netmiko:read_channel: 
DEBUG:netmiko:read_channel: 
DEBUG:netmiko:read_channel: 
DEBUG:netmiko:read_channel: 
DEBUG:netmiko:read_channel: 
DEBUG:netmiko:read_channel: 
DEBUG:netmiko:read_channel: 
DEBUG:netmiko:read_channel: 
DEBUG:netmiko:read_channel: 
DEBUG:netmiko:read_channel: 
DEBUG:netmiko:read_channel: 
DEBUG:netmiko:read_channel: 
DEBUG:netmiko:read_channel: 
DEBUG:netmiko:read_channel: 
DEBUG:netmiko:read_channel: 
DEBUG:netmiko:read_channel: 
DEBUG:netmiko:read_channel: 
DEBUG:netmiko:read_channel: 
DEBUG:netmiko:read_channel: 
DEBUG:netmiko:read_channel: 
DEBUG:netmiko:read_channel: 
DEBUG:netmiko:read_channel: 
DEBUG:netmiko:read_channel: 
DEBUG:netmiko:read_channel: 
DEBUG:netmiko:read_channel: 
DEBUG:netmiko:read_channel: 
DEBUG:netmiko:read_channel: 
DEBUG:netmiko:read_channel: 
DEBUG:netmiko:read_channel: 
DEBUG:netmiko:read_channel: 
DEBUG:netmiko:read_channel: 
DEBUG:netmiko:read_channel: 
DEBUG:netmiko:read_channel: 
DEBUG:netmiko:read_channel: 
DEBUG:netmiko:read_channel: 
DEBUG:netmiko:read_channel: 
DEBUG:netmiko:read_channel: 
DEBUG:netmiko:read_channel: 
DEBUG:netmiko:read_channel: 
DEBUG:netmiko:read_channel: 
DEBUG:netmiko:read_channel: 
DEBUG:netmiko:read_channel: 
DEBUG:netmiko:read_channel: 
DEBUG:netmiko:read_channel: 
DEBUG:netmiko:read_channel: 
DEBUG:netmiko:read_channel: 
DEBUG:netmiko:read_channel: 
DEBUG:netmiko:read_channel: 
DEBUG:netmiko:read_channel: 
DEBUG:netmiko:read_channel: 
DEBUG:netmiko:read_channel: 
DEBUG:netmiko:read_channel: 
DEBUG:netmiko:read_channel: 
DEBUG:netmiko:read_channel: 
DEBUG:netmiko:read_channel: 
DEBUG:netmiko:read_channel: 
DEBUG:netmiko:read_channel: 
DEBUG:netmiko:read_channel: 
DEBUG:netmiko:read_channel: 
DEBUG:netmiko:read_channel: 
DEBUG:netmiko:read_channel: 
DEBUG:netmiko:read_channel: 
DEBUG:netmiko:read_channel: 
DEBUG:netmiko:read_channel: 
DEBUG:netmiko:read_channel: 
DEBUG:netmiko:read_channel: 
DEBUG:netmiko:read_channel: 
DEBUG:netmiko:read_channel: 
DEBUG:netmiko:read_channel: 
DEBUG:netmiko:read_channel: 
DEBUG:netmiko:read_channel: 
DEBUG:netmiko:read_channel: 
DEBUG:netmiko:read_channel: 
DEBUG:netmiko:read_channel: 
DEBUG:netmiko:read_channel: 
DEBUG:netmiko:read_channel: 
DEBUG:netmiko:read_channel: 
DEBUG:netmiko:read_channel: 
DEBUG:netmiko:read_channel: 
DEBUG:netmiko:read_channel: 
DEBUG:netmiko:read_channel: 
DEBUG:netmiko:read_channel: 
DEBUG:netmiko:read_channel: 
DEBUG:netmiko:read_channel: 
DEBUG:netmiko:read_channel: 
DEBUG:netmiko:read_channel: 
DEBUG:netmiko:read_channel: 
DEBUG:netmiko:read_channel: 
DEBUG:netmiko:read_channel: 
DEBUG:netmiko:read_channel: 
DEBUG:netmiko:read_channel: 
DEBUG:netmiko:read_channel: 
DEBUG:netmiko:read_channel: 
DEBUG:netmiko:read_channel: 
DEBUG:netmiko:read_channel: 
DEBUG:netmiko:read_channel: 
DEBUG:netmiko:read_channel: 
DEBUG:netmiko:read_channel: 
DEBUG:netmiko:read_channel: 
DEBUG:netmiko:read_channel: 
DEBUG:netmiko:read_channel: 
DEBUG:netmiko:read_channel: 
DEBUG:netmiko:read_channel: 
DEBUG:netmiko:read_channel: 
DEBUG:netmiko:read_channel: 
DEBUG:netmiko:read_channel: 
DEBUG:netmiko:read_channel: 
DEBUG:netmiko:read_channel: 
DEBUG:netmiko:read_channel: 
DEBUG:netmiko:read_channel: 
DEBUG:netmiko:read_channel: 
DEBUG:netmiko:read_channel: 
DEBUG:netmiko:read_channel: 
DEBUG:netmiko:read_channel: 
DEBUG:netmiko:read_channel: 
DEBUG:netmiko:read_channel: 
DEBUG:netmiko:read_channel: 
DEBUG:netmiko:read_channel: 
DEBUG:netmiko:read_channel: 
DEBUG:netmiko:read_channel: 
DEBUG:netmiko:read_channel: 
DEBUG:netmiko:read_channel: 
DEBUG:netmiko:read_channel: 
DEBUG:netmiko:read_channel: 
DEBUG:netmiko:read_channel: 
DEBUG:netmiko:read_channel: 
DEBUG:netmiko:read_channel: 
DEBUG:netmiko:read_channel: 
DEBUG:netmiko:read_channel: 
DEBUG:netmiko:read_channel: 
DEBUG:netmiko:read_channel: 
DEBUG:netmiko:read_channel: 
DEBUG:netmiko:read_channel: 
DEBUG:netmiko:read_channel: 
DEBUG:netmiko:read_channel: 
DEBUG:netmiko:read_channel: 
DEBUG:netmiko:read_channel: 
DEBUG:netmiko:read_channel: 
DEBUG:netmiko:read_channel: 
DEBUG:netmiko:read_channel: 
DEBUG:netmiko:read_channel: 
DEBUG:netmiko:read_channel: 
DEBUG:netmiko:read_channel: 
DEBUG:netmiko:read_channel: 
DEBUG:netmiko:read_channel: 
DEBUG:netmiko:read_channel: 
DEBUG:netmiko:read_channel: 
DEBUG:netmiko:read_channel: 
DEBUG:netmiko:read_channel: 
DEBUG:netmiko:read_channel: 
DEBUG:netmiko:read_channel: 
DEBUG:netmiko:read_channel: 
DEBUG:netmiko:read_channel: 
DEBUG:netmiko:read_channel: 
DEBUG:netmiko:read_channel: 
DEBUG:netmiko:read_channel: 
DEBUG:netmiko:read_channel: 
DEBUG:netmiko:read_channel: 
DEBUG:netmiko:read_channel: 
DEBUG:netmiko:read_channel: 
DEBUG:netmiko:read_channel: 
DEBUG:netmiko:read_channel: 
DEBUG:netmiko:read_channel: 
DEBUG:netmiko:read_channel: 
DEBUG:netmiko:read_channel: 
DEBUG:netmiko:read_channel: 
DEBUG:netmiko:read_channel: 
DEBUG:netmiko:read_channel: 
DEBUG:netmiko:read_channel: 
DEBUG:netmiko:read_channel: 
DEBUG:netmiko:read_channel: 
DEBUG:netmiko:read_channel: 
DEBUG:netmiko:read_channel: 
DEBUG:netmiko:read_channel: 
DEBUG:netmiko:read_channel: 
DEBUG:netmiko:read_channel: 
DEBUG:netmiko:read_channel: 
DEBUG:netmiko:read_channel: 
DEBUG:netmiko:read_channel: 
DEBUG:netmiko:read_channel: 
DEBUG:netmiko:read_channel: 
DEBUG:netmiko:read_channel: 
DEBUG:netmiko:read_channel: 
DEBUG:netmiko:read_channel: 
DEBUG:netmiko:read_channel: 
DEBUG:netmiko:read_channel: 
DEBUG:netmiko:read_channel: 
DEBUG:netmiko:read_channel: 
DEBUG:netmiko:read_channel: 
DEBUG:netmiko:read_channel: 
DEBUG:netmiko:read_channel: 
DEBUG:netmiko:read_channel: 
DEBUG:netmiko:read_channel: 
DEBUG:netmiko:read_channel: 
DEBUG:netmiko:read_channel: 
DEBUG:netmiko:read_channel: 
DEBUG:netmiko:read_channel: 
DEBUG:netmiko:read_channel: 
DEBUG:netmiko:read_channel: 
DEBUG:netmiko:read_channel: 
DEBUG:netmiko:read_channel: 
DEBUG:netmiko:read_channel: 
DEBUG:netmiko:read_channel: 
DEBUG:netmiko:read_channel: 
DEBUG:netmiko:read_channel: 
DEBUG:netmiko:read_channel: 
DEBUG:netmiko:read_channel: 
DEBUG:netmiko:read_channel: 
DEBUG:netmiko:read_channel: 
DEBUG:netmiko:read_channel: 
DEBUG:netmiko:read_channel: 
DEBUG:netmiko:read_channel: 
DEBUG:netmiko:read_channel: 
DEBUG:netmiko:read_channel: 
DEBUG:netmiko:read_channel: 
DEBUG:netmiko:read_channel: 
DEBUG:netmiko:read_channel: 
DEBUG:netmiko:read_channel: 
DEBUG:netmiko:read_channel: 
DEBUG:netmiko:read_channel: 
DEBUG:netmiko:read_channel: 
DEBUG:netmiko:read_channel: 
DEBUG:netmiko:read_channel: 
DEBUG:netmiko:read_channel: 
DEBUG:netmiko:read_channel: 
DEBUG:netmiko:read_channel: 
DEBUG:netmiko:read_channel: 
DEBUG:netmiko:read_channel: 
DEBUG:netmiko:read_channel: 
DEBUG:netmiko:read_channel: 
DEBUG:netmiko:read_channel: 
DEBUG:netmiko:read_channel: 
DEBUG:netmiko:read_channel: 
DEBUG:netmiko:read_channel: 
DEBUG:netmiko:read_channel: 
DEBUG:netmiko:read_channel: 
DEBUG:netmiko:read_channel: 
DEBUG:netmiko:read_channel: 
DEBUG:netmiko:read_channel: 
DEBUG:netmiko:read_channel: 
DEBUG:netmiko:read_channel: 
DEBUG:netmiko:read_channel: 
DEBUG:netmiko:read_channel: 
DEBUG:netmiko:read_channel: 
DEBUG:netmiko:read_channel: 
DEBUG:netmiko:read_channel: 
DEBUG:netmiko:read_channel: 
DEBUG:netmiko:read_channel: 
DEBUG:netmiko:read_channel: 
DEBUG:netmiko:read_channel: 
DEBUG:netmiko:read_channel: 
DEBUG:netmiko:read_channel: 
DEBUG:netmiko:read_channel: 
DEBUG:netmiko:read_channel: 
DEBUG:netmiko:read_channel: 
DEBUG:netmiko:read_channel: 
DEBUG:netmiko:read_channel: 
DEBUG:netmiko:read_channel: 
DEBUG:netmiko:read_channel: 
DEBUG:netmiko:read_channel: 
DEBUG:netmiko:read_channel: 
DEBUG:netmiko:read_channel: 
DEBUG:netmiko:read_channel: 
DEBUG:netmiko:read_channel: 
DEBUG:netmiko:read_channel: 
DEBUG:netmiko:read_channel: 
DEBUG:netmiko:read_channel: 
DEBUG:netmiko:read_channel: 
DEBUG:netmiko:read_channel: 
DEBUG:netmiko:read_channel: 
DEBUG:netmiko:read_channel: 
DEBUG:netmiko:read_channel: 
DEBUG:netmiko:read_channel: 
DEBUG:netmiko:read_channel: 
DEBUG:netmiko:read_channel: 
DEBUG:netmiko:read_channel: 
DEBUG:netmiko:read_channel: 
DEBUG:netmiko:read_channel: 
DEBUG:netmiko:read_channel: 
DEBUG:netmiko:read_channel: 
DEBUG:netmiko:read_channel: 
DEBUG:netmiko:read_channel: 
DEBUG:netmiko:read_channel: 
DEBUG:netmiko:read_channel: 
DEBUG:netmiko:read_channel: 
DEBUG:netmiko:read_channel: 
DEBUG:netmiko:read_channel: 
DEBUG:netmiko:read_channel: 
DEBUG:netmiko:read_channel: 
DEBUG:netmiko:read_channel: 
DEBUG:netmiko:read_channel: 
DEBUG:netmiko:read_channel: 
DEBUG:netmiko:read_channel: 
DEBUG:netmiko:read_channel: 
DEBUG:netmiko:read_channel: 
DEBUG:netmiko:read_channel: 
DEBUG:netmiko:read_channel: 
DEBUG:netmiko:read_channel: 
DEBUG:netmiko:read_channel: 
DEBUG:netmiko:read_channel: 
DEBUG:netmiko:read_channel: 
DEBUG:netmiko:read_channel: 
DEBUG:netmiko:read_channel: 
DEBUG:netmiko:read_channel: 
DEBUG:netmiko:read_channel: 
DEBUG:netmiko:read_channel: 
DEBUG:netmiko:read_channel: 
DEBUG:netmiko:read_channel: 
DEBUG:netmiko:read_channel: 
DEBUG:netmiko:read_channel: 
DEBUG:netmiko:read_channel: 
DEBUG:netmiko:read_channel: 
DEBUG:netmiko:read_channel: 
DEBUG:netmiko:read_channel: 
DEBUG:netmiko:read_channel: 
DEBUG:netmiko:read_channel: 
DEBUG:netmiko:read_channel: 
DEBUG:netmiko:read_channel: 
DEBUG:netmiko:read_channel: 
DEBUG:netmiko:read_channel: 
DEBUG:netmiko:read_channel: 
DEBUG:netmiko:read_channel: 
DEBUG:netmiko:read_channel: 
DEBUG:netmiko:read_channel: 
DEBUG:netmiko:read_channel: 
DEBUG:netmiko:read_channel: 
DEBUG:netmiko:read_channel: 
DEBUG:netmiko:read_channel: 
DEBUG:netmiko:read_channel: 
DEBUG:netmiko:read_channel: 
DEBUG:netmiko:read_channel: 
DEBUG:netmiko:read_channel: 
DEBUG:netmiko:read_channel: 
DEBUG:netmiko:read_channel: 
DEBUG:netmiko:read_channel: 
DEBUG:netmiko:read_channel: 
DEBUG:netmiko:read_channel: 
DEBUG:netmiko:read_channel: 
DEBUG:netmiko:read_channel: 
DEBUG:netmiko:read_channel: 
DEBUG:netmiko:read_channel: 
DEBUG:netmiko:read_channel: 
DEBUG:netmiko:read_channel: 
DEBUG:netmiko:read_channel: 
DEBUG:netmiko:read_channel: 
DEBUG:netmiko:read_channel: 
DEBUG:netmiko:read_channel: 
DEBUG:netmiko:read_channel: 
DEBUG:netmiko:read_channel: 
DEBUG:netmiko:read_channel: 
DEBUG:netmiko:read_channel: 
DEBUG:netmiko:read_channel: 
DEBUG:netmiko:read_channel: 
DEBUG:netmiko:read_channel: 
DEBUG:netmiko:read_channel: 
DEBUG:netmiko:read_channel: 
DEBUG:netmiko:read_channel: 
DEBUG:netmiko:read_channel: 
DEBUG:netmiko:read_channel: 
DEBUG:netmiko:read_channel: 
DEBUG:netmiko:read_channel: 
DEBUG:netmiko:read_channel: 
DEBUG:netmiko:read_channel: 
DEBUG:netmiko:read_channel: 
DEBUG:netmiko:read_channel: 
DEBUG:netmiko:read_channel: 
DEBUG:netmiko:read_channel: 
DEBUG:netmiko:read_channel: 
DEBUG:netmiko:read_channel: 
DEBUG:netmiko:read_channel: 
DEBUG:netmiko:read_channel: 
DEBUG:netmiko:read_channel: 
DEBUG:netmiko:read_channel: 
DEBUG:netmiko:read_channel: 
DEBUG:netmiko:read_channel: 
DEBUG:netmiko:read_channel: 
DEBUG:netmiko:read_channel: 
DEBUG:netmiko:read_channel: 
DEBUG:netmiko:read_channel: 
DEBUG:netmiko:read_channel: 
DEBUG:netmiko:read_channel: 
DEBUG:netmiko:read_channel: 
DEBUG:netmiko:read_channel: 
DEBUG:netmiko:read_channel: 
DEBUG:netmiko:read_channel: 
DEBUG:netmiko:read_channel: 
DEBUG:netmiko:read_channel: 
DEBUG:netmiko:read_channel: 
DEBUG:netmiko:read_channel: 
DEBUG:netmiko:read_channel: 
DEBUG:netmiko:read_channel: 
DEBUG:netmiko:read_channel: 
DEBUG:netmiko:read_channel: 
DEBUG:netmiko:read_channel: 
DEBUG:netmiko:read_channel: 
DEBUG:netmiko:read_channel: 
DEBUG:netmiko:read_channel: 
DEBUG:netmiko:read_channel: 
DEBUG:netmiko:read_channel: 
DEBUG:netmiko:read_channel: 
DEBUG:netmiko:read_channel: 
DEBUG:netmiko:read_channel: 
DEBUG:netmiko:read_channel: 
DEBUG:netmiko:read_channel: 
DEBUG:netmiko:read_channel: 
DEBUG:netmiko:read_channel: 
DEBUG:netmiko:read_channel: 
DEBUG:netmiko:read_channel: 
DEBUG:netmiko:read_channel: 
DEBUG:netmiko:read_channel: 
DEBUG:netmiko:read_channel: 
DEBUG:netmiko:read_channel: 
DEBUG:netmiko:read_channel: 
DEBUG:netmiko:read_channel: 
DEBUG:netmiko:read_channel: 
DEBUG:netmiko:read_channel: 
DEBUG:netmiko:read_channel: 
DEBUG:netmiko:read_channel: 
DEBUG:netmiko:read_channel: 
DEBUG:netmiko:read_channel: 
DEBUG:netmiko:read_channel: 
DEBUG:netmiko:read_channel: 
DEBUG:netmiko:read_channel: 
DEBUG:netmiko:read_channel: 
DEBUG:netmiko:read_channel: 
DEBUG:netmiko:read_channel: 
DEBUG:netmiko:read_channel: 
DEBUG:netmiko:read_channel: 
DEBUG:netmiko:read_channel: 
DEBUG:netmiko:read_channel: 
DEBUG:netmiko:read_channel: 
DEBUG:netmiko:read_channel: 
DEBUG:netmiko:read_channel: 
DEBUG:netmiko:read_channel: 
DEBUG:netmiko:read_channel: 
DEBUG:netmiko:read_channel: 
DEBUG:netmiko:read_channel: 
DEBUG:netmiko:read_channel: 
DEBUG:paramiko.transport:EOF in transport thread
DEBUG:paramiko.transport:starting thread (client mode): 0x61606b30
DEBUG:paramiko.transport:Local version/idstring: SSH-2.0-paramiko_2.11.0
DEBUG:paramiko.transport:Remote version/idstring: SSH-1.99-Cisco-1.25
INFO:paramiko.transport:Connected (version 1.99, client Cisco-1.25)
DEBUG:paramiko.transport:=== Key exchange possibilities ===
DEBUG:paramiko.transport:kex algos: diffie-hellman-group-exchange-sha1, diffie-hellman-group14-sha1
DEBUG:paramiko.transport:server key: ssh-rsa
DEBUG:paramiko.transport:client encrypt: aes128-ctr, aes192-ctr, aes256-ctr
DEBUG:paramiko.transport:server encrypt: aes128-ctr, aes192-ctr, aes256-ctr
DEBUG:paramiko.transport:client mac: hmac-sha2-256, hmac-sha2-512, hmac-sha1, hmac-sha1-96
DEBUG:paramiko.transport:server mac: hmac-sha2-256, hmac-sha2-512, hmac-sha1, hmac-sha1-96
DEBUG:paramiko.transport:client compress: none
DEBUG:paramiko.transport:server compress: none
DEBUG:paramiko.transport:client lang: <none>
DEBUG:paramiko.transport:server lang: <none>
DEBUG:paramiko.transport:kex follows: False
DEBUG:paramiko.transport:=== Key exchange agreements ===
DEBUG:paramiko.transport:Kex: diffie-hellman-group-exchange-sha1
DEBUG:paramiko.transport:HostKey: ssh-rsa
DEBUG:paramiko.transport:Cipher: aes128-ctr
DEBUG:paramiko.transport:MAC: hmac-sha2-256
DEBUG:paramiko.transport:Compression: none
DEBUG:paramiko.transport:=== End of kex handshake ===
DEBUG:paramiko.transport:Got server p (2048 bits)
DEBUG:paramiko.transport:kex engine KexGex specified hash_algo <built-in function openssl_sha1>
DEBUG:paramiko.transport:Switch to new keys ...
DEBUG:paramiko.transport:Adding ssh-rsa host key for 192.168.85.131: b'250c94455d9819c43afc071054dcda3a'
DEBUG:paramiko.transport:userauth is OK
INFO:paramiko.transport:Auth banner: b"\r\n**************************************************************************\r\n* IOSv is strictly limited to use for evaluation, demonstration and IOS  *\r\n* education. IOSv is provided as-is and is not supported by Cisco's      *\r\n* Technical Advisory Center. Any use or disclosure, in whole or in part, *\r\n* of the IOSv Software or Documentation to any third party for any       *\r\n* purposes is expressly prohibited except as otherwise authorized by     *\r\n* Cisco in writing.                                                      *\r\n**************************************************************************"
INFO:paramiko.transport:Authentication (password) successful!
DEBUG:paramiko.transport:[chan 0] Max packet in: 32768 bytes
DEBUG:paramiko.transport:[chan 0] Max packet out: 4096 bytes
DEBUG:paramiko.transport:Secsh channel 0 opened.
DEBUG:paramiko.transport:[chan 0] Sesch channel 0 request ok
DEBUG:paramiko.transport:[chan 0] Sesch channel 0 request ok
DEBUG:netmiko:write_channel: b'terminal width 511\n'
DEBUG:netmiko:read_channel: 
DEBUG:netmiko:read_channel: 
**************************************************************************
* IOSv is strictly limited to use for evaluation, demonstration and IOS  *
* education. IOSv is provided as-is and is not supported by Cisco's      *
* Technical Advisory Center. Any use or disclosure, in whole or in part, *
* of the IOSv Software or Documentation to any third party for any       *
* purposes is expressly prohibited except as otherwise authorized by     *
* Cisco in writing.                                                      *
**************************************************************************
device>
DEBUG:netmiko:read_channel: t
DEBUG:netmiko:read_channel: er
DEBUG:netmiko:read_channel: mina
DEBUG:netmiko:read_channel: l w
DEBUG:netmiko:read_channel: idth
DEBUG:netmiko:read_channel:  51
DEBUG:netmiko:read_channel: 1

DEBUG:netmiko:Pattern found: (terminal width 511) 
**************************************************************************
* IOSv is strictly limited to use for evaluation, demonstration and IOS  *
* education. IOSv is provided as-is and is not supported by Cisco's      *
* Technical Advisory Center. Any use or disclosure, in whole or in part, *
* of the IOSv Software or Documentation to any third party for any       *
* purposes is expressly prohibited except as otherwise authorized by     *
* Cisco in writing.                                                      *
**************************************************************************
device>terminal width 511
DEBUG:netmiko:In disable_paging
DEBUG:netmiko:Command: terminal length 0

DEBUG:netmiko:write_channel: b'terminal length 0\n'
DEBUG:netmiko:read_channel: 
DEBUG:netmiko:read_channel: device>t
DEBUG:netmiko:read_channel: er
DEBUG:netmiko:read_channel: m
DEBUG:netmiko:read_channel: i
DEBUG:netmiko:read_channel: na
DEBUG:netmiko:read_channel: l le
DEBUG:netmiko:read_channel: ngt
DEBUG:netmiko:read_channel: h
DEBUG:netmiko:read_channel:  0

DEBUG:netmiko:Pattern found: (terminal\ length\ 0) 
device>terminal length 0
DEBUG:netmiko:
device>terminal length 0
DEBUG:netmiko:Exiting disable_paging
DEBUG:netmiko:read_channel: 
DEBUG:netmiko:Clear buffer detects data in the channel
DEBUG:netmiko:read_channel: device>
DEBUG:netmiko:Clear buffer detects data in the channel
DEBUG:netmiko:read_channel: 
DEBUG:netmiko:write_channel: b'\n'
DEBUG:netmiko:read_channel: 
DEBUG:netmiko:read_channel: 
DEBUG:netmiko:read_channel: 

DEBUG:netmiko:read_channel: device>
DEBUG:netmiko:Pattern found: (\#|>) 
device>
DEBUG:netmiko:read_channel: 
DEBUG:netmiko:[find_prompt()]: prompt is device>
DEBUG:netmiko:write_channel: b'\n'
DEBUG:netmiko:read_channel: 
DEBUG:netmiko:read_channel: 
DEBUG:netmiko:read_channel: 

DEBUG:netmiko:read_channel: device>
DEBUG:netmiko:Pattern found: (device.*) 
device>
DEBUG:netmiko:write_channel: b'enable\n'
DEBUG:netmiko:read_channel: 
DEBUG:netmiko:read_channel: e
DEBUG:netmiko:read_channel: nab
DEBUG:netmiko:read_channel: l
DEBUG:netmiko:read_channel: e

DEBUG:netmiko:Pattern found: (enable) enable
DEBUG:netmiko:read_channel: 
DEBUG:netmiko:read_channel: Password: 
DEBUG:netmiko:Pattern found: ((?:device|ssword)) 
Password
DEBUG:netmiko:write_channel: b'\n'
DEBUG:netmiko:read_channel: 
DEBUG:netmiko:read_channel: 
DEBUG:netmiko:read_channel: 
DEBUG:netmiko:read_channel: 
Password: 
DEBUG:netmiko:read_channel: 
DEBUG:netmiko:read_channel: 
DEBUG:netmiko:read_channel: 
DEBUG:netmiko:read_channel: 
DEBUG:netmiko:read_channel: 
DEBUG:netmiko:read_channel: 
DEBUG:netmiko:read_channel: 
DEBUG:netmiko:read_channel: 
DEBUG:netmiko:read_channel: 
DEBUG:netmiko:read_channel: 
DEBUG:netmiko:read_channel: 
DEBUG:netmiko:read_channel: 
DEBUG:netmiko:read_channel: 
DEBUG:netmiko:read_channel: 
DEBUG:netmiko:read_channel: 
DEBUG:netmiko:read_channel: 
DEBUG:netmiko:read_channel: 
DEBUG:netmiko:read_channel: 
DEBUG:netmiko:read_channel: 
DEBUG:netmiko:read_channel: 
DEBUG:netmiko:read_channel: 
DEBUG:netmiko:read_channel: 
DEBUG:netmiko:read_channel: 
DEBUG:netmiko:read_channel: 
DEBUG:netmiko:read_channel: 
DEBUG:netmiko:read_channel: 
DEBUG:netmiko:read_channel: 
DEBUG:netmiko:read_channel: 
DEBUG:netmiko:read_channel: 
DEBUG:netmiko:read_channel: 
DEBUG:netmiko:read_channel: 
DEBUG:netmiko:read_channel: 
DEBUG:netmiko:read_channel: 
DEBUG:netmiko:read_channel: 
DEBUG:netmiko:read_channel: 
DEBUG:netmiko:read_channel: 
DEBUG:netmiko:read_channel: 
DEBUG:netmiko:read_channel: 
DEBUG:netmiko:read_channel: 
DEBUG:netmiko:read_channel: 
DEBUG:netmiko:read_channel: 
DEBUG:netmiko:read_channel: 
DEBUG:netmiko:read_channel: 
DEBUG:netmiko:read_channel: 
DEBUG:netmiko:read_channel: 
DEBUG:netmiko:read_channel: 
DEBUG:netmiko:read_channel: 
DEBUG:netmiko:read_channel: 
DEBUG:netmiko:read_channel: 
DEBUG:netmiko:read_channel: 
DEBUG:netmiko:read_channel: 
DEBUG:netmiko:read_channel: 
DEBUG:netmiko:read_channel: 
DEBUG:netmiko:read_channel: 
DEBUG:netmiko:read_channel: 
DEBUG:netmiko:read_channel: 
DEBUG:netmiko:read_channel: 
DEBUG:netmiko:read_channel: 
DEBUG:netmiko:read_channel: 
DEBUG:netmiko:read_channel: 
DEBUG:netmiko:read_channel: 
DEBUG:netmiko:read_channel: 
DEBUG:netmiko:read_channel: 
DEBUG:netmiko:read_channel: 
DEBUG:netmiko:read_channel: 
DEBUG:netmiko:read_channel: 
DEBUG:netmiko:read_channel: 
DEBUG:netmiko:read_channel: 
DEBUG:netmiko:read_channel: 
DEBUG:netmiko:read_channel: 
DEBUG:netmiko:read_channel: 
DEBUG:netmiko:read_channel: 
DEBUG:netmiko:read_channel: 
DEBUG:netmiko:read_channel: 
DEBUG:netmiko:read_channel: 
DEBUG:netmiko:read_channel: 
DEBUG:netmiko:read_channel: 
DEBUG:netmiko:read_channel: 
DEBUG:netmiko:read_channel: 
DEBUG:netmiko:read_channel: 
DEBUG:netmiko:read_channel: 
DEBUG:netmiko:read_channel: 
DEBUG:netmiko:read_channel: 
DEBUG:netmiko:read_channel: 
DEBUG:netmiko:read_channel: 
DEBUG:netmiko:read_channel: 
DEBUG:netmiko:read_channel: 
DEBUG:netmiko:read_channel: 
DEBUG:netmiko:read_channel: 
DEBUG:netmiko:read_channel: 
DEBUG:netmiko:read_channel: 
DEBUG:netmiko:read_channel: 
DEBUG:netmiko:read_channel: 
DEBUG:netmiko:read_channel: 
DEBUG:netmiko:read_channel: 
DEBUG:netmiko:read_channel: 
DEBUG:netmiko:read_channel: 
DEBUG:netmiko:read_channel: 
DEBUG:netmiko:read_channel: 
DEBUG:netmiko:read_channel: 
DEBUG:netmiko:read_channel: 
DEBUG:netmiko:read_channel: 
DEBUG:netmiko:read_channel: 
DEBUG:netmiko:read_channel: 
DEBUG:netmiko:read_channel: 
DEBUG:netmiko:read_channel: 
DEBUG:netmiko:read_channel: 
DEBUG:netmiko:read_channel: 
DEBUG:netmiko:read_channel: 
DEBUG:netmiko:read_channel: 
DEBUG:netmiko:read_channel: 
DEBUG:netmiko:read_channel: 
DEBUG:netmiko:read_channel: 
DEBUG:netmiko:read_channel: 
DEBUG:netmiko:read_channel: 
DEBUG:netmiko:read_channel: 
DEBUG:netmiko:read_channel: 
DEBUG:netmiko:read_channel: 
DEBUG:netmiko:read_channel: 
DEBUG:netmiko:read_channel: 
DEBUG:netmiko:read_channel: 
DEBUG:netmiko:read_channel: 
DEBUG:netmiko:read_channel: 
DEBUG:netmiko:read_channel: 
DEBUG:netmiko:read_channel: 
DEBUG:netmiko:read_channel: 
DEBUG:netmiko:read_channel: 
DEBUG:netmiko:read_channel: 
DEBUG:netmiko:read_channel: 
DEBUG:netmiko:read_channel: 
DEBUG:netmiko:read_channel: 
DEBUG:netmiko:read_channel: 
DEBUG:netmiko:read_channel: 
DEBUG:netmiko:read_channel: 
DEBUG:netmiko:read_channel: 
DEBUG:netmiko:read_channel: 
DEBUG:netmiko:read_channel: 
DEBUG:netmiko:read_channel: 
DEBUG:netmiko:read_channel: 
DEBUG:netmiko:read_channel: 
DEBUG:netmiko:read_channel: 
DEBUG:netmiko:read_channel: 
DEBUG:netmiko:read_channel: 
DEBUG:netmiko:read_channel: 
DEBUG:netmiko:read_channel: 
DEBUG:netmiko:read_channel: 
DEBUG:netmiko:read_channel: 
DEBUG:netmiko:read_channel: 
DEBUG:netmiko:read_channel: 
DEBUG:netmiko:read_channel: 
DEBUG:netmiko:read_channel: 
DEBUG:netmiko:read_channel: 
DEBUG:netmiko:read_channel: 
DEBUG:netmiko:read_channel: 
DEBUG:netmiko:read_channel: 
DEBUG:netmiko:read_channel: 
DEBUG:netmiko:read_channel: 
DEBUG:netmiko:read_channel: 
DEBUG:netmiko:read_channel: 
DEBUG:netmiko:read_channel: 
DEBUG:netmiko:read_channel: 
DEBUG:netmiko:read_channel: 
DEBUG:netmiko:read_channel: 
DEBUG:netmiko:read_channel: 
DEBUG:netmiko:read_channel: 
DEBUG:netmiko:read_channel: 
DEBUG:netmiko:read_channel: 
DEBUG:netmiko:read_channel: 
DEBUG:netmiko:read_channel: 
DEBUG:netmiko:read_channel: 
DEBUG:netmiko:read_channel: 
DEBUG:netmiko:read_channel: 
DEBUG:netmiko:read_channel: 
DEBUG:netmiko:read_channel: 
DEBUG:netmiko:read_channel: 
DEBUG:netmiko:read_channel: 
DEBUG:netmiko:read_channel: 
DEBUG:netmiko:read_channel: 
DEBUG:netmiko:read_channel: 
DEBUG:netmiko:read_channel: 
DEBUG:netmiko:read_channel: 
DEBUG:netmiko:read_channel: 
DEBUG:netmiko:read_channel: 
DEBUG:netmiko:read_channel: 
DEBUG:netmiko:read_channel: 
DEBUG:netmiko:read_channel: 
DEBUG:netmiko:read_channel: 
DEBUG:netmiko:read_channel: 
DEBUG:netmiko:read_channel: 
DEBUG:netmiko:read_channel: 
DEBUG:netmiko:read_channel: 
DEBUG:netmiko:read_channel: 
DEBUG:netmiko:read_channel: 
DEBUG:netmiko:read_channel: 
DEBUG:netmiko:read_channel: 
DEBUG:netmiko:read_channel: 
DEBUG:netmiko:read_channel: 
DEBUG:netmiko:read_channel: 
DEBUG:netmiko:read_channel: 
DEBUG:netmiko:read_channel: 
DEBUG:netmiko:read_channel: 
DEBUG:netmiko:read_channel: 
DEBUG:netmiko:read_channel: 
DEBUG:netmiko:read_channel: 
DEBUG:netmiko:read_channel: 
DEBUG:netmiko:read_channel: 
DEBUG:netmiko:read_channel: 
DEBUG:netmiko:read_channel: 
DEBUG:netmiko:read_channel: 
DEBUG:netmiko:read_channel: 
DEBUG:netmiko:read_channel: 
DEBUG:netmiko:read_channel: 
DEBUG:netmiko:read_channel: 
DEBUG:netmiko:read_channel: 
DEBUG:netmiko:read_channel: 
DEBUG:netmiko:read_channel: 
DEBUG:netmiko:read_channel: 
DEBUG:netmiko:read_channel: 
DEBUG:netmiko:read_channel: 
DEBUG:netmiko:read_channel: 
DEBUG:netmiko:read_channel: 
DEBUG:netmiko:read_channel: 
DEBUG:netmiko:read_channel: 
DEBUG:netmiko:read_channel: 
DEBUG:netmiko:read_channel: 
DEBUG:netmiko:read_channel: 
DEBUG:netmiko:read_channel: 
DEBUG:netmiko:read_channel: 
DEBUG:netmiko:read_channel: 
DEBUG:netmiko:read_channel: 
DEBUG:netmiko:read_channel: 
DEBUG:netmiko:read_channel: 
DEBUG:netmiko:read_channel: 
DEBUG:netmiko:read_channel: 
DEBUG:netmiko:read_channel: 
DEBUG:netmiko:read_channel: 
DEBUG:netmiko:read_channel: 
DEBUG:netmiko:read_channel: 
DEBUG:netmiko:read_channel: 
DEBUG:netmiko:read_channel: 
DEBUG:netmiko:read_channel: 
DEBUG:netmiko:read_channel: 
DEBUG:netmiko:read_channel: 
DEBUG:netmiko:read_channel: 
DEBUG:netmiko:read_channel: 
DEBUG:netmiko:read_channel: 
DEBUG:netmiko:read_channel: 
DEBUG:netmiko:read_channel: 
DEBUG:netmiko:read_channel: 
DEBUG:netmiko:read_channel: 
DEBUG:netmiko:read_channel: 
DEBUG:netmiko:read_channel: 
DEBUG:netmiko:read_channel: 
DEBUG:netmiko:read_channel: 
DEBUG:netmiko:read_channel: 
DEBUG:netmiko:read_channel: 
DEBUG:netmiko:read_channel: 
DEBUG:netmiko:read_channel: 
DEBUG:netmiko:read_channel: 
DEBUG:netmiko:read_channel: 
DEBUG:netmiko:read_channel: 
DEBUG:netmiko:read_channel: 
DEBUG:netmiko:read_channel: 
DEBUG:netmiko:read_channel: 
DEBUG:netmiko:read_channel: 
DEBUG:netmiko:read_channel: 
DEBUG:netmiko:read_channel: 
DEBUG:netmiko:read_channel: 
DEBUG:netmiko:read_channel: 
DEBUG:netmiko:read_channel: 
DEBUG:netmiko:read_channel: 
DEBUG:netmiko:read_channel: 
DEBUG:netmiko:read_channel: 
DEBUG:netmiko:read_channel: 
DEBUG:netmiko:read_channel: 
DEBUG:netmiko:read_channel: 
DEBUG:netmiko:read_channel: 
DEBUG:netmiko:read_channel: 
DEBUG:netmiko:read_channel: 
DEBUG:netmiko:read_channel: 
DEBUG:netmiko:read_channel: 
DEBUG:netmiko:read_channel: 
DEBUG:netmiko:read_channel: 
DEBUG:netmiko:read_channel: 
DEBUG:netmiko:read_channel: 
DEBUG:netmiko:read_channel: 
DEBUG:netmiko:read_channel: 
DEBUG:netmiko:read_channel: 
DEBUG:netmiko:read_channel: 
DEBUG:netmiko:read_channel: 
DEBUG:netmiko:read_channel: 
DEBUG:netmiko:read_channel: 
DEBUG:netmiko:read_channel: 
DEBUG:netmiko:read_channel: 
DEBUG:netmiko:read_channel: 
DEBUG:netmiko:read_channel: 
DEBUG:netmiko:read_channel: 
DEBUG:netmiko:read_channel: 
DEBUG:netmiko:read_channel: 
DEBUG:netmiko:read_channel: 
DEBUG:netmiko:read_channel: 
DEBUG:netmiko:read_channel: 
DEBUG:netmiko:read_channel: 
DEBUG:netmiko:read_channel: 
DEBUG:netmiko:read_channel: 
DEBUG:netmiko:read_channel: 
DEBUG:netmiko:read_channel: 
DEBUG:netmiko:read_channel: 
DEBUG:netmiko:read_channel: 
DEBUG:netmiko:read_channel: 
DEBUG:netmiko:read_channel: 
DEBUG:netmiko:read_channel: 
DEBUG:netmiko:read_channel: 
DEBUG:netmiko:read_channel: 
DEBUG:netmiko:read_channel: 
DEBUG:netmiko:read_channel: 
DEBUG:netmiko:read_channel: 
DEBUG:netmiko:read_channel: 
DEBUG:netmiko:read_channel: 
DEBUG:netmiko:read_channel: 
DEBUG:netmiko:read_channel: 
DEBUG:netmiko:read_channel: 
DEBUG:netmiko:read_channel: 
DEBUG:netmiko:read_channel: 
DEBUG:netmiko:read_channel: 
DEBUG:netmiko:read_channel: 
DEBUG:netmiko:read_channel: 
DEBUG:netmiko:read_channel: 
DEBUG:netmiko:read_channel: 
DEBUG:netmiko:read_channel: 
DEBUG:netmiko:read_channel: 
DEBUG:netmiko:read_channel: 
DEBUG:netmiko:read_channel: 
DEBUG:netmiko:read_channel: 
DEBUG:netmiko:read_channel: 
DEBUG:netmiko:read_channel: 
DEBUG:netmiko:read_channel: 
DEBUG:netmiko:read_channel: 
DEBUG:netmiko:read_channel: 
DEBUG:netmiko:read_channel: 
DEBUG:netmiko:read_channel: 
DEBUG:netmiko:read_channel: 
DEBUG:netmiko:read_channel: 
DEBUG:netmiko:read_channel: 
DEBUG:netmiko:read_channel: 
DEBUG:netmiko:read_channel: 
DEBUG:netmiko:read_channel: 
DEBUG:netmiko:read_channel: 
DEBUG:netmiko:read_channel: 
DEBUG:netmiko:read_channel: 
DEBUG:netmiko:read_channel: 
DEBUG:netmiko:read_channel: 
DEBUG:netmiko:read_channel: 
DEBUG:netmiko:read_channel: 
DEBUG:netmiko:read_channel: 
DEBUG:netmiko:read_channel: 
DEBUG:netmiko:read_channel: 
DEBUG:netmiko:read_channel: 
DEBUG:netmiko:read_channel: 
DEBUG:netmiko:read_channel: 
DEBUG:netmiko:read_channel: 
DEBUG:netmiko:read_channel: 
DEBUG:netmiko:read_channel: 
DEBUG:netmiko:read_channel: 
DEBUG:netmiko:read_channel: 
DEBUG:netmiko:read_channel: 
DEBUG:netmiko:read_channel: 
DEBUG:netmiko:read_channel: 
DEBUG:netmiko:read_channel: 
DEBUG:netmiko:read_channel: 
DEBUG:netmiko:read_channel: 
DEBUG:netmiko:read_channel: 
DEBUG:netmiko:read_channel: 
DEBUG:netmiko:read_channel: 
DEBUG:netmiko:read_channel: 
DEBUG:netmiko:read_channel: 
DEBUG:netmiko:read_channel: 
DEBUG:netmiko:read_channel: 
DEBUG:netmiko:read_channel: 
DEBUG:netmiko:read_channel: 
DEBUG:netmiko:read_channel: 
DEBUG:netmiko:read_channel: 
DEBUG:netmiko:read_channel: 
DEBUG:netmiko:read_channel: 
DEBUG:netmiko:read_channel: 
DEBUG:netmiko:read_channel: 
DEBUG:netmiko:read_channel: 
DEBUG:netmiko:read_channel: 
DEBUG:netmiko:read_channel: 
DEBUG:netmiko:read_channel: 
DEBUG:netmiko:read_channel: 
DEBUG:netmiko:read_channel: 
DEBUG:netmiko:read_channel: 
DEBUG:netmiko:read_channel: 
DEBUG:netmiko:read_channel: 
DEBUG:netmiko:read_channel: 
DEBUG:netmiko:read_channel: 
DEBUG:netmiko:read_channel: 
DEBUG:netmiko:read_channel: 
DEBUG:netmiko:read_channel: 
DEBUG:netmiko:read_channel: 
DEBUG:netmiko:read_channel: 
DEBUG:netmiko:read_channel: 
DEBUG:netmiko:read_channel: 
DEBUG:netmiko:read_channel: 
DEBUG:netmiko:read_channel: 
DEBUG:netmiko:read_channel: 
DEBUG:netmiko:read_channel: 
DEBUG:netmiko:read_channel: 
DEBUG:netmiko:read_channel: 
DEBUG:netmiko:read_channel: 
DEBUG:netmiko:read_channel: 
DEBUG:netmiko:read_channel: 
DEBUG:netmiko:read_channel: 
DEBUG:netmiko:read_channel: 
DEBUG:netmiko:read_channel: 
DEBUG:netmiko:read_channel: 
DEBUG:netmiko:read_channel: 
DEBUG:netmiko:read_channel: 
DEBUG:netmiko:read_channel: 
DEBUG:netmiko:read_channel: 
DEBUG:netmiko:read_channel: 
DEBUG:netmiko:read_channel: 
DEBUG:netmiko:read_channel: 
DEBUG:netmiko:read_channel: 
DEBUG:netmiko:read_channel: 
DEBUG:netmiko:read_channel: 
DEBUG:netmiko:read_channel: 
DEBUG:netmiko:read_channel: 
DEBUG:netmiko:read_channel: 
DEBUG:netmiko:read_channel: 
DEBUG:netmiko:read_channel: 
DEBUG:netmiko:read_channel: 
DEBUG:netmiko:read_channel: 
DEBUG:netmiko:read_channel: 
DEBUG:netmiko:read_channel: 
DEBUG:netmiko:read_channel: 
DEBUG:netmiko:read_channel: 
DEBUG:netmiko:read_channel: 
DEBUG:netmiko:read_channel: 
DEBUG:netmiko:read_channel: 
DEBUG:netmiko:read_channel: 
DEBUG:netmiko:read_channel: 
DEBUG:netmiko:read_channel: 
DEBUG:netmiko:read_channel: 
DEBUG:netmiko:read_channel: 
DEBUG:netmiko:read_channel: 
DEBUG:netmiko:read_channel: 
DEBUG:netmiko:read_channel: 
DEBUG:netmiko:read_channel: 
DEBUG:netmiko:read_channel: 
DEBUG:netmiko:read_channel: 
DEBUG:netmiko:read_channel: 
DEBUG:netmiko:read_channel: 
DEBUG:netmiko:read_channel: 
DEBUG:netmiko:read_channel: 
DEBUG:netmiko:read_channel: 
DEBUG:netmiko:read_channel: 
DEBUG:netmiko:read_channel: 
DEBUG:netmiko:read_channel: 
DEBUG:netmiko:read_channel: 
DEBUG:netmiko:read_channel: 
DEBUG:netmiko:read_channel: 
DEBUG:netmiko:read_channel: 
DEBUG:netmiko:read_channel: 
DEBUG:netmiko:read_channel: 
DEBUG:netmiko:read_channel: 
DEBUG:netmiko:read_channel: 
DEBUG:netmiko:read_channel: 
DEBUG:netmiko:read_channel: 
DEBUG:netmiko:read_channel: 
DEBUG:netmiko:read_channel: 
DEBUG:netmiko:read_channel: 
DEBUG:netmiko:read_channel: 
DEBUG:netmiko:read_channel: 
DEBUG:netmiko:read_channel: 
DEBUG:netmiko:read_channel: 
DEBUG:netmiko:read_channel: 
DEBUG:netmiko:read_channel: 
DEBUG:netmiko:read_channel: 
DEBUG:netmiko:read_channel: 
DEBUG:netmiko:read_channel: 
DEBUG:netmiko:read_channel: 
DEBUG:netmiko:read_channel: 
DEBUG:netmiko:read_channel: 
DEBUG:netmiko:read_channel: 
DEBUG:netmiko:read_channel: 
DEBUG:netmiko:read_channel: 
DEBUG:netmiko:read_channel: 
DEBUG:netmiko:read_channel: 
DEBUG:netmiko:read_channel: 
DEBUG:netmiko:read_channel: 
DEBUG:netmiko:read_channel: 
DEBUG:netmiko:read_channel: 
DEBUG:netmiko:read_channel: 
DEBUG:netmiko:read_channel: 
DEBUG:netmiko:read_channel: 
DEBUG:netmiko:read_channel: 
DEBUG:netmiko:read_channel: 
DEBUG:netmiko:read_channel: 
DEBUG:netmiko:read_channel: 
DEBUG:netmiko:read_channel: 
DEBUG:netmiko:read_channel: 
DEBUG:netmiko:read_channel: 
DEBUG:netmiko:read_channel: 
DEBUG:netmiko:read_channel: 
DEBUG:netmiko:read_channel: 
DEBUG:netmiko:read_channel: 
DEBUG:netmiko:read_channel: 
DEBUG:netmiko:read_channel: 
DEBUG:netmiko:read_channel: 
DEBUG:netmiko:read_channel: 
DEBUG:netmiko:read_channel: 
DEBUG:netmiko:read_channel: 
DEBUG:netmiko:read_channel: 
DEBUG:netmiko:read_channel: 
DEBUG:netmiko:read_channel: 
DEBUG:netmiko:read_channel: 
DEBUG:netmiko:read_channel: 
DEBUG:netmiko:read_channel: 
DEBUG:netmiko:read_channel: 
DEBUG:netmiko:read_channel: 
DEBUG:netmiko:read_channel: 
DEBUG:netmiko:read_channel: 
DEBUG:netmiko:read_channel: 
DEBUG:netmiko:read_channel: 
DEBUG:netmiko:read_channel: 
DEBUG:netmiko:read_channel: 
DEBUG:netmiko:read_channel: 
DEBUG:netmiko:read_channel: 
DEBUG:netmiko:read_channel: 
DEBUG:netmiko:read_channel: 
DEBUG:netmiko:read_channel: 
DEBUG:netmiko:read_channel: 
DEBUG:netmiko:read_channel: 
DEBUG:netmiko:read_channel: 
DEBUG:netmiko:read_channel: 
DEBUG:netmiko:read_channel: 
DEBUG:netmiko:read_channel: 
DEBUG:netmiko:read_channel: 
DEBUG:netmiko:read_channel: 
DEBUG:netmiko:read_channel: 
DEBUG:netmiko:read_channel: 
DEBUG:netmiko:read_channel: 
DEBUG:netmiko:read_channel: 
DEBUG:netmiko:read_channel: 
DEBUG:netmiko:read_channel: 
DEBUG:netmiko:read_channel: 
DEBUG:netmiko:read_channel: 
DEBUG:netmiko:read_channel: 
DEBUG:netmiko:read_channel: 
DEBUG:netmiko:read_channel: 
DEBUG:netmiko:read_channel: 
DEBUG:netmiko:read_channel: 
DEBUG:netmiko:read_channel: 
DEBUG:netmiko:read_channel: 
DEBUG:netmiko:read_channel: 
DEBUG:netmiko:read_channel: 
DEBUG:netmiko:read_channel: 
DEBUG:netmiko:read_channel: 
DEBUG:netmiko:read_channel: 
DEBUG:netmiko:read_channel: 
DEBUG:netmiko:read_channel: 
DEBUG:netmiko:read_channel: 
DEBUG:netmiko:read_channel: 
DEBUG:netmiko:read_channel: 
DEBUG:netmiko:read_channel: 
DEBUG:netmiko:read_channel: 
DEBUG:netmiko:read_channel: 
DEBUG:netmiko:read_channel: 
DEBUG:netmiko:read_channel: 
DEBUG:netmiko:read_channel: 
DEBUG:netmiko:read_channel: 
DEBUG:netmiko:read_channel: 
DEBUG:netmiko:read_channel: 
DEBUG:netmiko:read_channel: 
DEBUG:netmiko:read_channel: 
DEBUG:netmiko:read_channel: 
DEBUG:netmiko:read_channel: 
DEBUG:netmiko:read_channel: 
DEBUG:netmiko:read_channel: 
DEBUG:netmiko:read_channel: 
DEBUG:netmiko:read_channel: 
DEBUG:netmiko:read_channel: 
DEBUG:netmiko:read_channel: 
DEBUG:netmiko:read_channel: 
DEBUG:netmiko:read_channel: 
DEBUG:netmiko:read_channel: 
DEBUG:netmiko:read_channel: 
DEBUG:netmiko:read_channel: 
DEBUG:netmiko:read_channel: 
DEBUG:netmiko:read_channel: 
DEBUG:netmiko:read_channel: 
DEBUG:netmiko:read_channel: 
DEBUG:netmiko:read_channel: 
DEBUG:netmiko:read_channel: 
DEBUG:netmiko:read_channel: 
DEBUG:netmiko:read_channel: 
DEBUG:netmiko:read_channel: 
DEBUG:netmiko:read_channel: 
DEBUG:netmiko:read_channel: 
DEBUG:netmiko:read_channel: 
DEBUG:netmiko:read_channel: 
DEBUG:netmiko:read_channel: 
DEBUG:netmiko:read_channel: 
DEBUG:netmiko:read_channel: 
DEBUG:netmiko:read_channel: 
DEBUG:netmiko:read_channel: 
DEBUG:netmiko:read_channel: 
DEBUG:netmiko:read_channel: 
DEBUG:netmiko:read_channel: 
DEBUG:netmiko:read_channel: 
DEBUG:netmiko:read_channel: 
DEBUG:netmiko:read_channel: 
DEBUG:netmiko:read_channel: 
DEBUG:netmiko:read_channel: 
DEBUG:netmiko:read_channel: 
DEBUG:netmiko:read_channel: 
DEBUG:netmiko:read_channel: 
DEBUG:netmiko:read_channel: 
DEBUG:netmiko:read_channel: 
DEBUG:netmiko:read_channel: 
DEBUG:netmiko:read_channel: 
DEBUG:netmiko:read_channel: 
DEBUG:netmiko:read_channel: 
DEBUG:netmiko:read_channel: 
DEBUG:netmiko:read_channel: 
DEBUG:netmiko:read_channel: 
DEBUG:netmiko:read_channel: 
DEBUG:netmiko:read_channel: 
DEBUG:netmiko:read_channel: 
DEBUG:netmiko:read_channel: 
DEBUG:netmiko:read_channel: 
DEBUG:netmiko:read_channel: 
DEBUG:netmiko:read_channel: 
DEBUG:netmiko:read_channel: 
DEBUG:netmiko:read_channel: 
DEBUG:netmiko:read_channel: 
DEBUG:netmiko:read_channel: 
DEBUG:netmiko:read_channel: 
DEBUG:netmiko:read_channel: 
DEBUG:netmiko:read_channel: 
DEBUG:netmiko:read_channel: 
DEBUG:netmiko:read_channel: 
DEBUG:paramiko.transport:EOF in transport thread
